2024-01-07 15:25:31,736 [INFO] Activator:176 - 


2024-01-07 15:25:31,739 [INFO] Activator:177 - !SESSION log4j initialized
2024-01-07 15:25:35,656 [INFO] LogOutputStream:77 - [STDOUT_REDIRECT] 
2024-01-07 15:25:35,881 [ERROR] LogOutputStream:75 - [STDERR_REDIRECT] Warning: NLS unused message: ShowInNavigatorView_label in: org.eclipse.jdt.internal.ui.actions.ActionMessages
2024-01-07 15:25:35,890 [ERROR] LogOutputStream:75 - [STDERR_REDIRECT] Warning: NLS unused message: ShowInNavigatorView_dialog_title in: org.eclipse.jdt.internal.ui.actions.ActionMessages
2024-01-07 15:25:35,906 [ERROR] LogOutputStream:75 - [STDERR_REDIRECT] Warning: NLS unused message: ShowInNavigatorView_dialog_message in: org.eclipse.jdt.internal.ui.actions.ActionMessages
2024-01-07 15:25:35,921 [ERROR] LogOutputStream:75 - [STDERR_REDIRECT] Warning: NLS unused message: ShowInNavigatorView_error_activation_failed in: org.eclipse.jdt.internal.ui.actions.ActionMessages
2024-01-07 15:25:35,937 [ERROR] LogOutputStream:75 - [STDERR_REDIRECT] Warning: NLS unused message: OrganizeImportsAction_error_message in: org.eclipse.jdt.internal.ui.actions.ActionMessages
2024-01-07 15:25:41,064 [INFO] ApplicationProperties:184 - Using Application install path: C:\ST\STM32CubeIDE_1.14.0\STM32CubeIDE\plugins\com.st.stm32cube.common.mx_6.10.0.202311202037
2024-01-07 15:25:41,106 [INFO] DbMcusXml:78 - Set database path to: C:\ST\STM32CubeIDE_1.14.0\STM32CubeIDE\plugins\com.st.stm32cube.common.mx_6.10.0.202311202037\\db\/mcu/
2024-01-07 15:25:41,107 [INFO] ApiDb:274 - Set plugin database path to: C:\ST\STM32CubeIDE_1.14.0\STM32CubeIDE\plugins\com.st.stm32cube.common.mx_6.10.0.202311202037\\db\/plugins/boardmanager/
2024-01-07 15:25:41,107 [WARN] ApiDb:259 - Overriding images path with different value:  => C:\ST\STM32CubeIDE_1.14.0\STM32CubeIDE\plugins\com.st.stm32cube.common.mx_6.10.0.202311202037\\db\/plugins/mcufinder/images/
2024-01-07 15:25:41,119 [INFO] ApiDb:250 - Set database path to: C:\Users\YellowWenJie\.stmcufinder\plugins\mcufinder//mcu/
2024-01-07 15:25:41,121 [INFO] DbMcusAds:125 - Set database path to: C:\Users\YellowWenJie\.stmcufinder\plugins\mcufinder//mcu/
2024-01-07 15:25:41,127 [INFO] CrossReferenceDbSqlite:203 - Set database path to: C:\Users\YellowWenJie\.stmcufinder\plugins\mcufinder//mcu/cs/
2024-01-07 15:25:41,399 [INFO] RulesReader:64 - Compatibility file has been processed (297 Rules)
2024-01-07 15:25:41,537 [INFO] DbMcusXml:78 - Set database path to: C:\ST\STM32CubeIDE_1.14.0\STM32CubeIDE\plugins\com.st.stm32cube.common.mx_6.10.0.202311202037\\db\/mcu/
2024-01-07 15:25:41,537 [INFO] ApiDb:274 - Set plugin database path to: C:\ST\STM32CubeIDE_1.14.0\STM32CubeIDE\plugins\com.st.stm32cube.common.mx_6.10.0.202311202037\\db\/plugins/boardmanager/
2024-01-07 15:25:41,537 [INFO] ApiDb:261 - Set plugin images path to: C:\ST\STM32CubeIDE_1.14.0\STM32CubeIDE\plugins\com.st.stm32cube.common.mx_6.10.0.202311202037\\db\/plugins/mcufinder/images/
2024-01-07 15:25:41,538 [WARN] DbFile:41 - Overriding database path with different value: C:\Users\YellowWenJie\.stmcufinder\plugins\mcufinder/ => C:\Users\YellowWenJie\.stmcufinder\plugins\mcufinder
2024-01-07 15:25:41,538 [INFO] ApiDb:250 - Set database path to: C:\Users\YellowWenJie\.stmcufinder\plugins\mcufinder//mcu/
2024-01-07 15:25:41,538 [WARN] DbFile:41 - Overriding database path with different value: C:\Users\YellowWenJie\.stmcufinder\plugins\mcufinder/ => C:\Users\YellowWenJie\.stmcufinder\plugins\mcufinder
2024-01-07 15:25:41,538 [INFO] DbMcusAds:125 - Set database path to: C:\Users\YellowWenJie\.stmcufinder\plugins\mcufinder//mcu/
2024-01-07 15:25:41,538 [WARN] DbFile:41 - Overriding database path with different value: C:\Users\YellowWenJie\.stmcufinder\plugins\mcufinder/ => C:\Users\YellowWenJie\.stmcufinder\plugins\mcufinder
2024-01-07 15:25:41,538 [WARN] DbFile:41 - Overriding database path with different value: C:\Users\YellowWenJie\.stmcufinder\plugins\mcufinder/ => C:\Users\YellowWenJie\.stmcufinder\plugins\mcufinder
2024-01-07 15:25:41,540 [INFO] CrossReferenceDbSqlite:203 - Set database path to: C:\Users\YellowWenJie\.stmcufinder\plugins\mcufinder//mcu/cs/
2024-01-07 15:25:41,688 [INFO] MainPanel:264 - HeapMemory: 268435456
2024-01-07 15:25:41,889 [INFO] DbMcusXml:78 - Set database path to: C:\ST\STM32CubeIDE_1.14.0\STM32CubeIDE\plugins\com.st.stm32cube.common.mx_6.10.0.202311202037\\db\/mcu/
2024-01-07 15:25:41,889 [INFO] ApiDb:274 - Set plugin database path to: C:\ST\STM32CubeIDE_1.14.0\STM32CubeIDE\plugins\com.st.stm32cube.common.mx_6.10.0.202311202037\\db\/plugins/boardmanager/
2024-01-07 15:25:41,890 [INFO] ApiDb:261 - Set plugin images path to: C:\ST\STM32CubeIDE_1.14.0\STM32CubeIDE\plugins\com.st.stm32cube.common.mx_6.10.0.202311202037\\db\/plugins/mcufinder/images/
2024-01-07 15:25:41,890 [WARN] DbFile:41 - Overriding database path with different value: C:\Users\YellowWenJie\.stmcufinder\plugins\mcufinder/ => C:\Users\YellowWenJie\.stmcufinder\plugins\mcufinder
2024-01-07 15:25:41,890 [INFO] ApiDb:250 - Set database path to: C:\Users\YellowWenJie\.stmcufinder\plugins\mcufinder//mcu/
2024-01-07 15:25:41,891 [WARN] DbFile:41 - Overriding database path with different value: C:\Users\YellowWenJie\.stmcufinder\plugins\mcufinder/ => C:\Users\YellowWenJie\.stmcufinder\plugins\mcufinder
2024-01-07 15:25:41,891 [INFO] DbMcusAds:125 - Set database path to: C:\Users\YellowWenJie\.stmcufinder\plugins\mcufinder//mcu/
2024-01-07 15:25:41,891 [WARN] DbFile:41 - Overriding database path with different value: C:\Users\YellowWenJie\.stmcufinder\plugins\mcufinder/ => C:\Users\YellowWenJie\.stmcufinder\plugins\mcufinder
2024-01-07 15:25:41,891 [WARN] DbFile:41 - Overriding database path with different value: C:\Users\YellowWenJie\.stmcufinder\plugins\mcufinder/ => C:\Users\YellowWenJie\.stmcufinder\plugins\mcufinder
2024-01-07 15:25:41,893 [INFO] CrossReferenceDbSqlite:203 - Set database path to: C:\Users\YellowWenJie\.stmcufinder\plugins\mcufinder//mcu/cs/
2024-01-07 15:25:41,935 [INFO] ApplicationProperties:184 - Using Application install path: C:\ST\STM32CubeIDE_1.14.0\STM32CubeIDE\plugins\com.st.stm32cube.common.mx_6.10.0.202311202037
2024-01-07 15:25:41,937 [INFO] PluginManage:196 - Search for loadable plugins [exclusion list=, ]
2024-01-07 15:25:41,939 [INFO] PluginManage:310 - Check plugin analytics
2024-01-07 15:25:42,305 [INFO] AnalyticsPlugin:253 - Accepted Software Licenses: 
2024-01-07 15:25:42,305 [INFO] AnalyticsPlugin:255 - Accepted CMSIS Pack Licenses: 
2024-01-07 15:25:42,307 [INFO] AnalyticsPlugin:257 - Accepted Firmware Licenses: FW.H7.1.11.0,FW.F4.1.28.0
2024-01-07 15:25:42,314 [INFO] PluginManage:359 - Loaded plugin analytics (category:tool,tabindex:-1)
2024-01-07 15:25:42,315 [INFO] PluginManage:310 - Check plugin cadmodel
2024-01-07 15:25:42,340 [INFO] CADModel:105 - Init CAD model plugin
2024-01-07 15:25:42,341 [INFO] PluginManage:359 - Loaded plugin cadmodel (category:power,tabindex:5)
2024-01-07 15:25:42,341 [INFO] PluginManage:310 - Check plugin clock
2024-01-07 15:25:42,386 [INFO] PluginManage:359 - Loaded plugin clock (category:base,tabindex:2)
2024-01-07 15:25:42,387 [INFO] PluginManage:310 - Check plugin ddr
2024-01-07 15:25:42,399 [INFO] PluginManage:359 - Loaded plugin ddr (category:tool,tabindex:6)
2024-01-07 15:25:42,399 [INFO] PluginManage:310 - Check plugin filemanager
2024-01-07 15:25:42,668 [INFO] PluginManage:359 - Loaded plugin filemanager (category:base,tabindex:10)
2024-01-07 15:25:42,668 [INFO] PluginManage:310 - Check plugin ipmanager
2024-01-07 15:25:42,679 [INFO] PluginManage:359 - Loaded plugin ipmanager (category:base,tabindex:5)
2024-01-07 15:25:42,680 [INFO] PluginManage:310 - Check plugin lpbam
2024-01-07 15:25:42,707 [INFO] PluginManage:359 - Loaded plugin lpbam (category:base,tabindex:0)
2024-01-07 15:25:42,707 [INFO] PluginManage:310 - Check plugin memorymap
2024-01-07 15:25:42,746 [INFO] PluginManage:359 - Loaded plugin memorymap (category:base,tabindex:4)
2024-01-07 15:25:42,746 [INFO] PluginManage:310 - Check plugin pinoutandconfiguration
2024-01-07 15:25:42,768 [INFO] PluginManage:359 - Loaded plugin pinoutandconfiguration (category:base,tabindex:1)
2024-01-07 15:25:42,768 [INFO] PluginManage:310 - Check plugin pinoutconfig
2024-01-07 15:25:42,930 [WARN] SupportedApi:132 - Cannot load RTOS API schema: s4s-elt-must-match.1: The content of 'definitions' must match (annotation?, (simpleType | complexType)?, (unique | key | keyref)*)). A problem was found starting at: attribute.
2024-01-07 15:25:43,193 [INFO] PluginManage:359 - Loaded plugin pinoutconfig (category:base,tabindex:0)
2024-01-07 15:25:43,193 [INFO] PluginManage:310 - Check plugin power
2024-01-07 15:25:43,218 [INFO] PluginManage:359 - Loaded plugin power (category:power,tabindex:4)
2024-01-07 15:25:43,219 [INFO] PluginManage:310 - Check plugin projectmanager
2024-01-07 15:25:43,248 [INFO] PluginManage:359 - Loaded plugin projectmanager (category:projectmanager,tabindex:3)
2024-01-07 15:25:43,248 [INFO] PluginManage:310 - Check plugin thirdparty
2024-01-07 15:25:43,646 [WARN] IntegrityCheckThread:84 - waiting for thirdparty lock release [integrity check]
2024-01-07 15:25:43,647 [INFO] IntegrityCheckThread:86 - entering critical section [integrity check]
2024-01-07 15:25:43,649 [INFO] ThirdPartyUpdaterWithRetryManager:70 - Updater plugin not ready yet. [1/15]
2024-01-07 15:25:43,649 [INFO] PluginManage:359 - Loaded plugin thirdparty (category:base,tabindex:-1)
2024-01-07 15:25:43,650 [INFO] PluginManage:310 - Check plugin tools
2024-01-07 15:25:43,655 [INFO] PluginManage:359 - Loaded plugin tools (category:base,tabindex:7)
2024-01-07 15:25:43,655 [INFO] PluginManage:310 - Check plugin tutovideos
2024-01-07 15:25:43,997 [INFO] PluginManage:359 - Loaded plugin tutovideos (category:base,tabindex:-1)
2024-01-07 15:25:43,998 [INFO] PluginManage:310 - Check plugin updater
2024-01-07 15:25:44,022 [INFO] PluginManage:359 - Loaded plugin updater (category:base,tabindex:12)
2024-01-07 15:25:44,022 [INFO] PluginManage:310 - Check plugin userauth
2024-01-07 15:25:44,031 [INFO] UserAuth:114 - Init User Auth plugin
2024-01-07 15:25:44,031 [INFO] PluginManage:359 - Loaded plugin userauth (category:base,tabindex:14)
2024-01-07 15:25:44,032 [INFO] PluginManage:283 - PluginManage : Loaded plugins [17]
2024-01-07 15:25:44,538 [INFO] PinOutPanel:1499 - setPackage(No Configuration,No Configuration)
2024-01-07 15:25:44,721 [INFO] CADModel:165 - CPN selected for project level
2024-01-07 15:25:44,721 [INFO] CADModel:114 - Register for checkConnection events
2024-01-07 15:25:44,777 [INFO] IPUIPlugin:80 - create IPUIPlugin
2024-01-07 15:25:44,778 [INFO] PluginManager:220 - loadIPPluginJar : add adc
2024-01-07 15:25:44,836 [INFO] IPUIPlugin:80 - create IPUIPlugin
2024-01-07 15:25:44,837 [INFO] PluginManager:220 - loadIPPluginJar : add aes
2024-01-07 15:25:44,898 [INFO] IPUIPlugin:80 - create IPUIPlugin
2024-01-07 15:25:44,898 [INFO] PluginManager:220 - loadIPPluginJar : add can
2024-01-07 15:25:44,938 [INFO] IPUIPlugin:80 - create IPUIPlugin
2024-01-07 15:25:44,939 [INFO] PluginManager:220 - loadIPPluginJar : add comp
2024-01-07 15:25:44,998 [INFO] IPUIPlugin:80 - create IPUIPlugin
2024-01-07 15:25:44,998 [INFO] PluginManager:220 - loadIPPluginJar : add cryp
2024-01-07 15:25:45,048 [INFO] IPUIPlugin:80 - create IPUIPlugin
2024-01-07 15:25:45,048 [INFO] PluginManager:220 - loadIPPluginJar : add dfsdm
2024-01-07 15:25:45,074 [INFO] IPUIPlugin:80 - create IPUIPlugin
2024-01-07 15:25:45,075 [INFO] PluginManager:220 - loadIPPluginJar : add dma
2024-01-07 15:25:45,162 [INFO] IPUIPlugin:80 - create IPUIPlugin
2024-01-07 15:25:45,162 [INFO] PluginManager:220 - loadIPPluginJar : add dma3
2024-01-07 15:25:45,205 [INFO] IPUIPlugin:80 - create IPUIPlugin
2024-01-07 15:25:45,206 [INFO] PluginManager:220 - loadIPPluginJar : add fatfs
2024-01-07 15:25:45,215 [INFO] IPUIPlugin:80 - create IPUIPlugin
2024-01-07 15:25:45,215 [INFO] PluginManager:220 - loadIPPluginJar : add fmc
2024-01-07 15:25:45,229 [INFO] IPUIPlugin:80 - create IPUIPlugin
2024-01-07 15:25:45,230 [INFO] PluginManager:220 - loadIPPluginJar : add freertos
2024-01-07 15:25:45,235 [INFO] IPUIPlugin:80 - create IPUIPlugin
2024-01-07 15:25:45,235 [INFO] PluginManager:220 - loadIPPluginJar : add genericplugin
2024-01-07 15:25:45,242 [INFO] IPUIPlugin:80 - create IPUIPlugin
2024-01-07 15:25:45,242 [INFO] PluginManager:220 - loadIPPluginJar : add gfxmmu
2024-01-07 15:25:45,254 [INFO] IPUIPlugin:80 - create IPUIPlugin
2024-01-07 15:25:45,254 [INFO] PluginManager:220 - loadIPPluginJar : add gic
2024-01-07 15:25:45,262 [INFO] IPUIPlugin:80 - create IPUIPlugin
2024-01-07 15:25:45,262 [INFO] PluginManager:220 - loadIPPluginJar : add gpio
2024-01-07 15:25:45,266 [INFO] IPUIPlugin:80 - create IPUIPlugin
2024-01-07 15:25:45,267 [INFO] PluginManager:220 - loadIPPluginJar : add gtzc
2024-01-07 15:25:45,271 [INFO] IPUIPlugin:80 - create IPUIPlugin
2024-01-07 15:25:45,271 [INFO] PluginManager:220 - loadIPPluginJar : add hash
2024-01-07 15:25:45,275 [INFO] IPUIPlugin:80 - create IPUIPlugin
2024-01-07 15:25:45,275 [INFO] PluginManager:220 - loadIPPluginJar : add i2c
2024-01-07 15:25:45,280 [INFO] IPUIPlugin:80 - create IPUIPlugin
2024-01-07 15:25:45,280 [INFO] PluginManager:220 - loadIPPluginJar : add i2s
2024-01-07 15:25:45,285 [INFO] IPUIPlugin:80 - create IPUIPlugin
2024-01-07 15:25:45,285 [INFO] PluginManager:220 - loadIPPluginJar : add i3c
2024-01-07 15:25:45,291 [INFO] McuFinderGlobals:63 - Set McuFinder mode to 2 (CubeIDE integrated)
2024-01-07 15:25:45,292 [INFO] IPUIPlugin:80 - create IPUIPlugin
2024-01-07 15:25:45,293 [INFO] PluginManager:220 - loadIPPluginJar : add ipddr
2024-01-07 15:25:45,305 [INFO] IPUIPlugin:80 - create IPUIPlugin
2024-01-07 15:25:45,305 [INFO] PluginManager:220 - loadIPPluginJar : add linkedlist
2024-01-07 15:25:45,310 [INFO] IPUIPlugin:80 - create IPUIPlugin
2024-01-07 15:25:45,310 [INFO] PluginManager:220 - loadIPPluginJar : add lorawan
2024-01-07 15:25:45,313 [INFO] IPUIPlugin:80 - create IPUIPlugin
2024-01-07 15:25:45,313 [INFO] PluginManager:220 - loadIPPluginJar : add ltdc
2024-01-07 15:25:45,324 [INFO] IPUIPlugin:80 - create IPUIPlugin
2024-01-07 15:25:45,325 [INFO] PluginManager:220 - loadIPPluginJar : add mdma
2024-01-07 15:25:45,330 [INFO] IPUIPlugin:80 - create IPUIPlugin
2024-01-07 15:25:45,330 [INFO] PluginManager:220 - loadIPPluginJar : add nvic
2024-01-07 15:25:45,335 [INFO] IPUIPlugin:80 - create IPUIPlugin
2024-01-07 15:25:45,335 [INFO] PluginManager:220 - loadIPPluginJar : add opamp
2024-01-07 15:25:45,340 [INFO] IPUIPlugin:80 - create IPUIPlugin
2024-01-07 15:25:45,341 [INFO] PluginManager:220 - loadIPPluginJar : add openamp
2024-01-07 15:25:45,345 [INFO] IPUIPlugin:80 - create IPUIPlugin
2024-01-07 15:25:45,345 [INFO] PluginManager:220 - loadIPPluginJar : add pdm2pcm
2024-01-07 15:25:45,354 [INFO] IPUIPlugin:80 - create IPUIPlugin
2024-01-07 15:25:45,360 [INFO] PluginManager:220 - loadIPPluginJar : add plateformsettings
2024-01-07 15:25:45,363 [INFO] IPUIPlugin:80 - create IPUIPlugin
2024-01-07 15:25:45,363 [INFO] PluginManager:220 - loadIPPluginJar : add quadspi
2024-01-07 15:25:45,368 [INFO] IPUIPlugin:80 - create IPUIPlugin
2024-01-07 15:25:45,368 [INFO] PluginManager:220 - loadIPPluginJar : add resmgrutility
2024-01-07 15:25:45,373 [INFO] IPUIPlugin:80 - create IPUIPlugin
2024-01-07 15:25:45,374 [INFO] PluginManager:220 - loadIPPluginJar : add sai
2024-01-07 15:25:45,377 [INFO] IPUIPlugin:80 - create IPUIPlugin
2024-01-07 15:25:45,377 [INFO] PluginManager:220 - loadIPPluginJar : add spi
2024-01-07 15:25:45,386 [INFO] IPUIPlugin:80 - create IPUIPlugin
2024-01-07 15:25:45,386 [INFO] PluginManager:220 - loadIPPluginJar : add stm32_wpan
2024-01-07 15:25:45,389 [INFO] IPUIPlugin:80 - create IPUIPlugin
2024-01-07 15:25:45,389 [INFO] PluginManager:220 - loadIPPluginJar : add tim
2024-01-07 15:25:45,394 [INFO] IPUIPlugin:80 - create IPUIPlugin
2024-01-07 15:25:45,394 [INFO] PluginManager:220 - loadIPPluginJar : add touchsensing
2024-01-07 15:25:45,397 [INFO] IPUIPlugin:80 - create IPUIPlugin
2024-01-07 15:25:45,397 [INFO] PluginManager:220 - loadIPPluginJar : add tracer_emb
2024-01-07 15:25:45,400 [INFO] IPUIPlugin:80 - create IPUIPlugin
2024-01-07 15:25:45,400 [INFO] PluginManager:220 - loadIPPluginJar : add ts
2024-01-07 15:25:45,404 [INFO] IPUIPlugin:80 - create IPUIPlugin
2024-01-07 15:25:45,405 [INFO] PluginManager:220 - loadIPPluginJar : add tsc
2024-01-07 15:25:45,408 [INFO] IPUIPlugin:80 - create IPUIPlugin
2024-01-07 15:25:45,408 [INFO] PluginManager:220 - loadIPPluginJar : add ucpd
2024-01-07 15:25:45,416 [INFO] IPUIPlugin:80 - create IPUIPlugin
2024-01-07 15:25:45,416 [INFO] PluginManager:220 - loadIPPluginJar : add usart
2024-01-07 15:25:45,421 [INFO] IPUIPlugin:80 - create IPUIPlugin
2024-01-07 15:25:45,421 [INFO] PluginManager:220 - loadIPPluginJar : add usbx
2024-01-07 15:25:45,620 [INFO] CADModel:165 - CPN selected for project level
2024-01-07 15:25:45,620 [INFO] CADModel:114 - Register for checkConnection events
2024-01-07 15:25:45,621 [FATAL] Updater:308 - Updater called before beeing initialized
2024-01-07 15:25:45,621 [ERROR] CADModel:125 - Updater not yet initialized, retry later 
2024-01-07 15:25:45,840 [INFO] CADModel:165 - CPN selected for project level
2024-01-07 15:25:45,840 [INFO] CADModel:114 - Register for checkConnection events
2024-01-07 15:25:45,840 [FATAL] Updater:308 - Updater called before beeing initialized
2024-01-07 15:25:45,841 [ERROR] CADModel:125 - Updater not yet initialized, retry later 
2024-01-07 15:25:45,847 [FATAL] Updater:308 - Updater called before beeing initialized
2024-01-07 15:25:46,050 [FATAL] Updater:308 - Updater called before beeing initialized
2024-01-07 15:25:46,068 [INFO] DbMcusAds:53 - JSON generation date=Wed Nov 29 18:52:27 IRKT 2023 (1701255147349)
2024-01-07 15:25:46,068 [FATAL] Updater:308 - Updater called before beeing initialized
2024-01-07 15:25:46,128 [WARN] DetailPanel:346 - Failed to get advertising image, set to default
2024-01-07 15:25:46,251 [FATAL] Updater:308 - Updater called before beeing initialized
2024-01-07 15:25:46,261 [FATAL] Updater:308 - Updater called before beeing initialized
2024-01-07 15:25:46,261 [FATAL] Updater:308 - Updater called before beeing initialized
2024-01-07 15:25:46,261 [WARN] DetailPanel:346 - Failed to get advertising image, set to default
2024-01-07 15:25:46,262 [FATAL] Updater:308 - Updater called before beeing initialized
2024-01-07 15:25:46,334 [ERROR] Updater:1120 - MainUpdater not yet initialized. External WinMGr cannot be set.
2024-01-07 15:25:46,337 [INFO] Updater:1056 - Updater Version found : 6.10.0
2024-01-07 15:25:46,365 [INFO] ApplicationProperties:184 - Using Application install path: C:\ST\STM32CubeIDE_1.14.0\STM32CubeIDE\plugins\com.st.stm32cube.common.mx_6.10.0.202311202037
2024-01-07 15:25:46,651 [INFO] ThirdPartyUpdaterWithRetryManager:70 - Updater plugin not ready yet. [2/15]
2024-01-07 15:25:47,021 [INFO] MainUpdater:2873 - connection check result : 10
2024-01-07 15:25:47,023 [INFO] MainUpdater:290 - Updater Check For Update Now.
2024-01-07 15:25:47,023 [INFO] MicroXplorer:498 - Change Database Version : DB.6.0.100
2024-01-07 15:25:47,034 [INFO] McuFinderGlobals:63 - Set McuFinder mode to 2 (CubeIDE integrated)
2024-01-07 15:25:47,294 [INFO] CheckServerUpdateThread:120 - End of CheckServer Thread
2024-01-07 15:25:47,378 [INFO] MainUpdater:2873 - connection check result : 10
2024-01-07 15:25:47,415 [INFO] McuFinderGlobals:76 - Set McuFinderConnectedMode to true
2024-01-07 15:25:47,881 [INFO] ServerAccessManage:473 - Download File mcusAds.json._tmp_
2024-01-07 15:25:48,011 [INFO] LoadUrlFilesThread:156 - End of LoadUrlFiles Thread
2024-01-07 15:25:48,068 [INFO] UserAuth:404 - Internet connection configuration mode: 1
2024-01-07 15:25:48,104 [INFO] ServerAccessManage:473 - Download File cube-finder-db.zip
2024-01-07 15:25:48,128 [INFO] JxBrowserEngine:152 - Initiate JxBrowser Engine with user profile folder
2024-01-07 15:25:49,673 [WARN] MainUpdater:1194 - Updater busy. Cannot search thirdparties
2024-01-07 15:25:49,673 [INFO] ThirdPartyUpdaterWithRetryManager:96 - Updater plugin is busy. [1/15]
2024-01-07 15:25:50,512 [INFO] WebApp:161 - Instantiating new browser for Auth
2024-01-07 15:25:52,190 [INFO] FileExtend:240 - Unzip File : cube-finder-db.zip
2024-01-07 15:25:52,192 [INFO] FileExtend:255 - Standard Zip Deflate
2024-01-07 15:25:52,590 [INFO] WebApp:780 - Register for checkConnection events
2024-01-07 15:25:52,590 [INFO] WebApp:414 - Apply proxy settings
2024-01-07 15:25:52,590 [INFO] WebApp:499 - Chromium requires no authentication
2024-01-07 15:25:52,600 [INFO] WebApp:442 - Direct internet connection detected
2024-01-07 15:25:52,675 [WARN] MainUpdater:1194 - Updater busy. Cannot search thirdparties
2024-01-07 15:25:52,675 [INFO] ThirdPartyUpdaterWithRetryManager:96 - Updater plugin is busy. [2/15]
2024-01-07 15:25:53,007 [INFO] WebApp:192 - Starting web application
2024-01-07 15:25:53,008 [INFO] WebApp:544 - Web application path used C:\ST\STM32CubeIDE_1.14.0\STM32CubeIDE\plugins\com.st.stm32cube.common.mx_6.10.0.202311202037\db\plugins\mcufinder\reactClient1\index.html
2024-01-07 15:25:53,621 [INFO] LoadUrlFilesThread:156 - End of LoadUrlFiles Thread
2024-01-07 15:25:55,304 [ERROR] ServerAccessManage:1172 - Problem during Server Connection :  IO error Remote host terminated the handshake
2024-01-07 15:25:55,305 [ERROR] ServerAccessManage:651 - Problem during Server Connection :  : crdb_full.zip.
2024-01-07 15:25:55,676 [WARN] MainUpdater:1194 - Updater busy. Cannot search thirdparties
2024-01-07 15:25:55,676 [INFO] ThirdPartyUpdaterWithRetryManager:96 - Updater plugin is busy. [3/15]
2024-01-07 15:25:58,496 [INFO] LoadUrlFilesThread:156 - End of LoadUrlFiles Thread
2024-01-07 15:25:59,156 [WARN] PackLoader:240 - Cannot read IP mode file for STMicroelectronics.X-CUBE-SMBUS.2.1.0
2024-01-07 15:25:59,173 [WARN] PackLoader:240 - Cannot read IP mode file for STMicroelectronics.X-CUBE-TOUCHGFX.4.23.0
2024-01-07 15:25:59,295 [WARN] PackLoader:240 - Cannot read IP mode file for STMicroelectronics.X-CUBE-AZRTOS-F7.1.1.0
2024-01-07 15:25:59,326 [WARN] PackLoader:240 - Cannot read IP mode file for STMicroelectronics.FP-SNS-MOTENV1.4.3.2
2024-01-07 15:25:59,341 [WARN] PackLoader:240 - Cannot read IP mode file for STMicroelectronics.FP-SNS-FLIGHT1.5.0.2
2024-01-07 15:25:59,363 [WARN] PackLoader:240 - Cannot read IP mode file for STMicroelectronics.X-CUBE-DISPLAY.3.0.0
2024-01-07 15:25:59,398 [WARN] PackLoader:240 - Cannot read IP mode file for STMicroelectronics.X-CUBE-BLE1.7.0.0
2024-01-07 15:25:59,414 [WARN] PackLoader:240 - Cannot read IP mode file for emotas.I-CUBE-CANOPEN.1.3.0
2024-01-07 15:25:59,430 [WARN] PackLoader:240 - Cannot read IP mode file for STMicroelectronics.FP-SNS-SMARTAG2.1.2.0
2024-01-07 15:25:59,467 [INFO] LogOutputStream:77 - [STDOUT_REDIRECT] 1 : Invalid condition id : UX_CORESTACK_Condition cause : null
2024-01-07 15:25:59,476 [INFO] LogOutputStream:77 - [STDOUT_REDIRECT] 1 : Invalid condition id : UX_CORESTACK_Condition cause : null
2024-01-07 15:25:59,478 [INFO] LogOutputStream:77 - [STDOUT_REDIRECT] 1 : Invalid condition id : UX_CORESTACK_Condition cause : null
2024-01-07 15:25:59,480 [INFO] LogOutputStream:77 - [STDOUT_REDIRECT] 1 : Invalid condition id : UX_CORESTACK_Condition cause : null
2024-01-07 15:25:59,482 [INFO] LogOutputStream:77 - [STDOUT_REDIRECT] 1 : Invalid condition id : UX_CORESTACK_Condition cause : null
2024-01-07 15:25:59,495 [WARN] PackLoader:240 - Cannot read IP mode file for STMicroelectronics.X-CUBE-AZRTOS-WL.2.0.0
2024-01-07 15:25:59,511 [WARN] PackLoader:240 - Cannot read IP mode file for STMicroelectronics.X-CUBE-BLE2.3.3.0
2024-01-07 15:25:59,537 [WARN] PackLoader:240 - Cannot read IP mode file for STMicroelectronics.X-CUBE-ALGOBUILD.1.3.0
2024-01-07 15:25:59,589 [WARN] PackLoader:240 - Cannot read IP mode file for STMicroelectronics.X-CUBE-AZRTOS-G0.1.1.0
2024-01-07 15:25:59,658 [WARN] PackLoader:240 - Cannot read IP mode file for STMicroelectronics.X-CUBE-NFC4.3.0.0
2024-01-07 15:25:59,679 [WARN] PackLoader:240 - Cannot read IP mode file for STMicroelectronics.X-CUBE-BLEMGR.3.0.0
2024-01-07 15:25:59,691 [WARN] PackLoader:240 - Cannot read IP mode file for STMicroelectronics.FP-ATR-SIGFOX1.3.2.0
2024-01-07 15:25:59,707 [WARN] PackLoader:240 - Cannot read IP mode file for STMicroelectronics.X-CUBE-GNSS1.6.0.0
2024-01-07 15:25:59,782 [WARN] PackLoader:240 - Cannot read IP mode file for STMicroelectronics.X-CUBE-AZRTOS-F4.1.1.0
2024-01-07 15:25:59,840 [WARN] PackLoader:240 - Cannot read IP mode file for STMicroelectronics.X-CUBE-AZRTOS-L5.2.0.0
2024-01-07 15:25:59,863 [WARN] PackLoader:240 - Cannot read IP mode file for STMicroelectronics.X-CUBE-EEPRMA1.4.2.0
2024-01-07 15:25:59,877 [WARN] PackLoader:240 - Cannot read IP mode file for STMicroelectronics.X-CUBE-NFC7.1.0.1
2024-01-07 15:25:59,894 [WARN] PackLoader:240 - Cannot read IP mode file for STMicroelectronics.X-CUBE-NFC6.3.0.0
2024-01-07 15:25:59,912 [WARN] PackLoader:240 - Cannot read IP mode file for STMicroelectronics.X-CUBE-AI.8.1.0
2024-01-07 15:25:59,958 [WARN] ConditionMgr:438 - getConditionDescription Invalid condition id : LAN8742 Phy interface Condition cause : null
2024-01-07 15:25:59,959 [WARN] PackLoader:240 - Cannot read IP mode file for STMicroelectronics.X-CUBE-AZRTOS-L4.2.0.0
2024-01-07 15:25:59,965 [WARN] ConditionMgr:1039 - genDependencies : Invalid condition id : LAN8742 Phy interface Condition cause : null
2024-01-07 15:25:59,969 [WARN] ConditionMgr:1039 - genDependencies : Invalid condition id : LAN8742 Phy interface Condition cause : null
2024-01-07 15:25:59,972 [WARN] ConditionMgr:1039 - genDependencies : Invalid condition id : LAN8742 Phy interface Condition cause : null
2024-01-07 15:25:59,993 [WARN] PackLoader:240 - Cannot read IP mode file for STMicroelectronics.X-CUBE-SFXS2LP1.4.0.0
2024-01-07 15:26:00,022 [WARN] ConditionMgr:438 - getConditionDescription Invalid condition id : UX DEVICE CLASS RTOS Condition cause : null
2024-01-07 15:26:00,023 [WARN] ConditionMgr:438 - getConditionDescription Invalid condition id : UX DEVICE CLASS RTOS Condition cause : null
2024-01-07 15:26:00,028 [WARN] PackLoader:240 - Cannot read IP mode file for STMicroelectronics.X-CUBE-AZRTOS-WB.2.0.0
2024-01-07 15:26:00,029 [WARN] ConditionMgr:1039 - genDependencies : Invalid condition id : UX DEVICE CLASS RTOS Condition cause : null
2024-01-07 15:26:00,029 [WARN] ConditionMgr:1039 - genDependencies : Invalid condition id : UX DEVICE CLASS RTOS Condition cause : null
2024-01-07 15:26:00,030 [WARN] ConditionMgr:1039 - genDependencies : Invalid condition id : UX DEVICE CLASS RTOS Condition cause : null
2024-01-07 15:26:00,031 [WARN] ConditionMgr:1039 - genDependencies : Invalid condition id : UX DEVICE CLASS RTOS Condition cause : null
2024-01-07 15:26:00,031 [WARN] ConditionMgr:1039 - genDependencies : Invalid condition id : UX DEVICE CLASS RTOS Condition cause : null
2024-01-07 15:26:00,072 [WARN] PackLoader:240 - Cannot read IP mode file for STMicroelectronics.X-CUBE-SUBG2.5.0.0
2024-01-07 15:26:00,130 [WARN] PackLoader:240 - Cannot read IP mode file for STMicroelectronics.X-CUBE-AZRTOS-G4.2.0.0
2024-01-07 15:26:00,174 [WARN] PackLoader:240 - Cannot read IP mode file for Infineon.AIROC-Wi-Fi-Bluetooth-STM32.1.5.1
2024-01-07 15:26:00,211 [WARN] PackLoader:240 - Cannot read IP mode file for STMicroelectronics.FP-SNS-MOTENVWB1.1.3.1
2024-01-07 15:26:00,227 [WARN] PackLoader:240 - Cannot read IP mode file for STMicroelectronics.X-CUBE-ISPU.2.0.0
2024-01-07 15:26:00,314 [WARN] PackLoader:240 - Cannot read IP mode file for STMicroelectronics.X-CUBE-MEMS1.10.0.0
2024-01-07 15:26:00,594 [WARN] PackLoader:240 - Cannot read IP mode file for STMicroelectronics.X-CUBE-FREERTOS.1.1.0
2024-01-07 15:26:00,606 [WARN] PackLoader:240 - Cannot read IP mode file for portGmbH.I-Cube-SoM-uGOAL.1.1.0
2024-01-07 15:26:00,611 [WARN] PackLoader:240 - Cannot read IP mode file for STMicroelectronics.X-CUBE-ALS.1.0.1
2024-01-07 15:26:00,621 [WARN] PackLoader:240 - Cannot read IP mode file for STMicroelectronics.FP-ATR-ASTRA1.2.0.0
2024-01-07 15:26:00,640 [WARN] PackLoader:240 - Cannot read IP mode file for STMicroelectronics.X-CUBE-TOF1.3.4.0
2024-01-07 15:26:00,688 [WARN] PackLoader:240 - Cannot read IP mode file for STMicroelectronics.X-CUBE-AZRTOS-H7.3.2.0
2024-01-07 15:26:00,692 [INFO] ThirdParty:978 - Integrity check success = true
2024-01-07 15:26:00,693 [INFO] IntegrityCheckThread:100 - exiting critical section [integrity check]
2024-01-07 15:26:00,693 [INFO] IntegrityCheckThread:103 - End integrity checks thread
2024-01-07 15:26:13,043 [INFO] DbMcusAds:53 - JSON generation date=Wed Nov 29 18:52:27 IRKT 2023 (1701255147349)
2024-01-07 15:26:13,116 [ERROR] TargetSelectorAdapter:267 - Unable to refresh data
2024-01-07 15:26:14,137 [INFO] ApiDb:581 - Connected to CubeFinder SQLite database (C:\Users\YellowWenJie\.stmcufinder\plugins\mcufinder\mcu\cube-finder-db.db)
2024-01-07 15:26:14,347 [INFO] ApiDb:668 - CubeFinder database Data Model version=2.1
2024-01-07 15:26:14,347 [INFO] ApiDb:669 - CubeFinder database Configuration version=3.0.39
2024-01-07 15:26:14,348 [INFO] ApiDb:670 - CubeFinder database generation date=2023-12-08 (1702028721)
2024-01-07 15:26:14,348 [INFO] ApiDb:671 - CubeFinder database FW Pack versions=[FP-ATR-ASTRA1_V2.0.0, FP-SNS-FLIGHT1_V5.0.1, FP-SNS-FLIGHT1_V5.0.2, FP-SNS-MOTENV1_V4.3.1, FP-SNS-MOTENV1_V4.3.2, FP-SNS-MOTENVWB1_V1.3.1, FP-SNS-SMARTAG2_V1.2.0, STM32Cube_FW_C0_V1.1.0, STM32Cube_FW_F4_V1.28.0, STM32Cube_FW_F7_V1.17.0, STM32Cube_FW_G0_V1.6.1, STM32Cube_FW_G4_V1.5.1, STM32Cube_FW_H5_V0.5.1, STM32Cube_FW_H5_V1.1.1, STM32Cube_FW_H5_V1.2.0RC2, STM32Cube_FW_H7_V1.11.0, STM32Cube_FW_L0_V1.12.2, STM32Cube_FW_L5_V1.5.0, STM32Cube_FW_U5_V1.3.0RC4, STM32Cube_FW_U5_V1.4.0, STM32Cube_FW_WBA_V1.0.0RC1, STM32Cube_FW_WBA_V1.1.0RC1, STM32Cube_FW_WBA_V1.2.0, STM32Cube_FW_WBA_V1.2.0RC2, STM32Cube_FW_WB_V1.15.0RC1, STM32Cube_FW_WB_V1.16.0, STM32Cube_FW_WB_V1.16.0RC2, STM32Cube_FW_WB_V1.18.0, STM32Cube_FW_WL_V1.3.0, X-CUBE-ALGOBUILD_V1.3.0, X-CUBE-ALS_V1.0.1, X-CUBE-AZRTOS-F4_V1.1.0, X-CUBE-AZRTOS-F7_V1.1.0, X-CUBE-AZRTOS-G0_V1.1.0, X-CUBE-AZRTOS-G4_V2.0.0, X-CUBE-AZRTOS-H7_V3.1.0, X-CUBE-AZRTOS-L4_V1.0.0, X-CUBE-AZRTOS-L4_V2.0.0, X-CUBE-AZRTOS-L5_V1.1.0, X-CUBE-AZRTOS-WB_V2.0.0, X-CUBE-AZRTOS-WL_V2.0.0, X-CUBE-BLE1_V7.0.0, X-CUBE-BLE2_V3.3.0, X-CUBE-BLEMGR_V3.0.0, X-CUBE-EEPRMA1_V4.1.0, X-CUBE-EEPRMA1_V4.2.0, X-CUBE-FREERTOS_V1.1.0, X-CUBE-GNSS1_V6.0.0, X-CUBE-MEMS1_V10.0.0, X-CUBE-MEMS1_V9.1.0, X-CUBE-MEMS1_V9.4.0, X-CUBE-MEMS1_V9.6.0, X-CUBE-NFC4_V3.0.0, X-CUBE-NFC7_V1.0.1, X-CUBE-SFXS2LP1_V4.0.0, X-CUBE-SUBG2_V5.0.0, X-CUBE-TOF1_V3.4.0]
2024-01-07 15:26:14,591 [INFO] DbBoardsSqlite:226 - include board P-NUCLEO-WB55-NUCLEO as a kit item of type 'Nucleo-64'
2024-01-07 15:26:14,592 [INFO] DbBoardsSqlite:226 - include board P-NUCLEO-WB55-USBDONGLE as a kit item of type 'Nucleo USB Dongle'
2024-01-07 15:26:14,592 [INFO] DbBoardsSqlite:226 - include board STEVAL-IDP005V1 as a kit item of type 'Evaluation Board'
2024-01-07 15:26:14,592 [INFO] DbBoardsSqlite:226 - include board STEVAL-IDP005V2 as a kit item of type 'Evaluation Board'
2024-01-07 15:26:14,782 [INFO] ApiDb:240 - Found 371 in-development CPN: [B-G473E-ZEST1S, B-WB1M-WPAN1, B-WL5M-SUBG1, NUCLEO-C031C6, NUCLEO-H503RB, NUCLEO-H563ZI, NUCLEO-U545RE-Q, NUCLEO-U5A5ZJ-Q, NUCLEO-WBA52CG, NUCLEO-WBA55CG, STEVAL-MKBOXPRO, STEVAL-PROTEUS1, STEVAL-STWINBX1, STM320518-EVAL, STM32C0116-DK, STM32C011D6Y3TR, STM32C011D6Y6TR, STM32C011F4P3, STM32C011F4P6, STM32C011F4U3, STM32C011F4U6TR, STM32C011F6P3, STM32C011F6P6, STM32C011F6U3, STM32C011F6U6TR, STM32C011J4M3, STM32C011J4M6, STM32C011J6M3, STM32C011J6M6, STM32C0316-DK, STM32C031C4T3, STM32C031C4T6, STM32C031C4U3, STM32C031C4U6, STM32C031C6T3, STM32C031C6T6, STM32C031C6U3, STM32C031C6U6, STM32C031F4P3, STM32C031F4P6, STM32C031F6P3, STM32C031F6P6, STM32C031G4U3, STM32C031G4U6, STM32C031G6U3, STM32C031G6U6, STM32C031K4T3, STM32C031K4T6, STM32C031K4U3, STM32C031K4U6, STM32C031K6T3, STM32C031K6T6, STM32C031K6U3, STM32C031K6U6, STM32G071K8TXN, STM32G071K8UXN, STM32G081GBU6N, STM32G081KBT6N, STM32G081KBUXN, STM32G0B1CCT6N, STM32G0B1KCT6, STM32G0B1NEY6TR, STM32G0B1RCT6N, STM32G0C1CCT6, STM32G0C1CCT6N, STM32G0C1CCU6N, STM32G0C1CET6N, STM32G0C1CEU6N, STM32G0C1KCT6, STM32G0C1NEY6TR, STM32G0C1RCI6N, STM32G0C1RCT6N, STM32G0C1REI6N, STM32G0C1RET6N, STM32G0C1VCI6, STM32G0C1VEI6, STM32G471CCT6, STM32G471CCU6, STM32G471CET3, STM32G471CET6, STM32G471CEU3, STM32G471CEU6, STM32G471MCT6, STM32G471MET3, STM32G471MET6, STM32G471MEY6TR, STM32G471QCT6, STM32G471QET3, STM32G471RCT6, STM32G471RET3, STM32G471RET6, STM32G471VCH6, STM32G471VCI6, STM32G471VCT6, STM32G471VEH3, STM32G471VEH6, STM32G471VEI3, STM32G471VEI6, STM32G471VET3, STM32G471VET6, STM32G474CCT6, STM32H503CBT6, STM32H503CBU6, STM32H503EBY6TR, STM32H503KBU6, STM32H503RBT6, STM32H562AGI6, STM32H562AII6, STM32H562IGK6, STM32H562IGT6, STM32H562IIK6, STM32H562IIT6, STM32H562RGT6, STM32H562RGV6, STM32H562RIT6, STM32H562RIV6, STM32H562VGT6, STM32H562VIT6, STM32H562ZGT6, STM32H562ZIT6, STM32H563AGI6, STM32H563AII3Q, STM32H563AII6, STM32H563IGK6, STM32H563IGT6, STM32H563IIK3Q, STM32H563IIK6, STM32H563IIT3Q, STM32H563IIT6, STM32H563MIY3QTR, STM32H563RGT6, STM32H563RGV6, STM32H563RIT6, STM32H563RIV6, STM32H563VGT6, STM32H563VIT3Q, STM32H563VIT6, STM32H563ZGT6, STM32H563ZIT3Q, STM32H563ZIT6, STM32H573AII3Q, STM32H573AII6, STM32H573I-DK, STM32H573IIK3Q, STM32H573IIK6, STM32H573IIT3Q, STM32H573IIT6, STM32H573MIY3QTR, STM32H573RIT6, STM32H573RIV6, STM32H573VIT3Q, STM32H573VIT6, STM32H573ZIT3Q, STM32H573ZIT6, STM32L4R5QGI6STR, STM32MP131AAE3, STM32MP131AAF3, STM32MP131AAG3, STM32MP131CAE3, STM32MP131CAF3, STM32MP131CAG3, STM32MP131DAE7, STM32MP131DAF7, STM32MP131DAG7, STM32MP131FAE7, STM32MP131FAF7, STM32MP131FAG7, STM32MP133AAE3, STM32MP133AAF3, STM32MP133AAG3, STM32MP133CAE3, STM32MP133CAF3, STM32MP133CAG3, STM32MP133DAE7, STM32MP133DAF7, STM32MP133DAG7, STM32MP133FAE7, STM32MP133FAF7, STM32MP133FAG7, STM32MP135AAE3, STM32MP135AAF3, STM32MP135AAG3, STM32MP135CAE3, STM32MP135CAF3, STM32MP135CAG3, STM32MP135DAE7, STM32MP135DAF7, STM32MP135DAG7, STM32MP135F-DK, STM32MP135FAE7, STM32MP135FAF7, STM32MP135FAF7T, STM32MP135FAF7U, STM32MP135FAG7, STM32U535CBT6, STM32U535CBT6Q, STM32U535CBU6, STM32U535CBU6Q, STM32U535CCT6, STM32U535CCT6Q, STM32U535CCU6, STM32U535CCU6Q, STM32U535CET6, STM32U535CET6Q, STM32U535CEU6, STM32U535CEU6Q, STM32U535JEY6QTR, STM32U535NCY6QTR, STM32U535NEY6QTR, STM32U535RBI6, STM32U535RBI6Q, STM32U535RBT6, STM32U535RBT6Q, STM32U535RCI6, STM32U535RCI6Q, STM32U535RCT6, STM32U535RCT6Q, STM32U535REI6, STM32U535REI6Q, STM32U535RET6, STM32U535RET6Q, STM32U535VCI6, STM32U535VCI6Q, STM32U535VCT6, STM32U535VCT6Q, STM32U535VEI6, STM32U535VEI6Q, STM32U535VET6, STM32U535VET6Q, STM32U545CET6, STM32U545CET6Q, STM32U545CEU6, STM32U545CEU6Q, STM32U545JEY6QTR, STM32U545NEY6QTR, STM32U545REI6, STM32U545REI6Q, STM32U545RET6, STM32U545RET6Q, STM32U545VEI6, STM32U545VEI6Q, STM32U545VET6, STM32U545VET6Q, STM32U595AIH6, STM32U595AIH6Q, STM32U595AJH6, STM32U595AJH6Q, STM32U595QII6, STM32U595QII6Q, STM32U595QJI6, STM32U595QJI6Q, STM32U595RIT6, STM32U595RIT6Q, STM32U595RJT6, STM32U595RJT6Q, STM32U595VIT6, STM32U595VIT6Q, STM32U595VJT6, STM32U595VJT6Q, STM32U595ZIT6, STM32U595ZIT6Q, STM32U595ZIY6QTR, STM32U595ZJT6, STM32U595ZJT6Q, STM32U595ZJY6QTR, STM32U599BJY6QTR, STM32U599NIH6Q, STM32U599NJH6Q, STM32U599VIT6Q, STM32U599VJT6, STM32U599VJT6Q, STM32U599ZIT6Q, STM32U599ZIY6QTR, STM32U599ZJT6Q, STM32U599ZJY6QTR, STM32U5A5AJH6, STM32U5A5AJH6Q, STM32U5A5QJI6, STM32U5A5QJI6Q, STM32U5A5RJT6, STM32U5A5RJT6Q, STM32U5A5VJT6, STM32U5A5VJT6Q, STM32U5A5ZJT6, STM32U5A5ZJT6Q, STM32U5A5ZJY6QTR, STM32U5A9BJY6QTR, STM32U5A9J-DK, STM32U5A9NJH6Q, STM32U5A9VJT6Q, STM32U5A9ZJT6Q, STM32U5A9ZJY6QTR, STM32U5F7VIT6, STM32U5F7VIT6Q, STM32U5F7VJT6, STM32U5F7VJT6Q, STM32U5F9BJY6QTR, STM32U5F9NJH6Q, STM32U5F9VIT6Q, STM32U5F9VJT6Q, STM32U5F9ZIJ6QTR, STM32U5F9ZIT6Q, STM32U5F9ZJJ6QTR, STM32U5F9ZJT6Q, STM32U5G7VJT6, STM32U5G7VJT6Q, STM32U5G9BJY6QTR, STM32U5G9J-DK1, STM32U5G9J-DK2, STM32U5G9NJH6Q, STM32U5G9VJT6Q, STM32U5G9ZJJ6QTR, STM32U5G9ZJT6Q, STM32WB1MMCH6, STM32WBA50KEU6, STM32WBA50KEU6TR, STM32WBA50KGU6, STM32WBA50KGU6TR, STM32WBA52CEU6, STM32WBA52CEU6TR, STM32WBA52CEU7, STM32WBA52CEU7TR, STM32WBA52CGU6, STM32WBA52CGU6TR, STM32WBA52CGU6U, STM32WBA52CGU7, STM32WBA52CGU7TR, STM32WBA52KEU6, STM32WBA52KEU6TR, STM32WBA52KGU6, STM32WBA52KGU6TR, STM32WBA54CEU6, STM32WBA54CEU6TR, STM32WBA54CEU7, STM32WBA54CEU7TR, STM32WBA54CGU6, STM32WBA54CGU6TR, STM32WBA54CGU7, STM32WBA54CGU7TR, STM32WBA54KEU6, STM32WBA54KEU6TR, STM32WBA54KEU7, STM32WBA54KEU7TR, STM32WBA54KGU6, STM32WBA54KGU6TR, STM32WBA54KGU7, STM32WBA54KGU7TR, STM32WBA55CEU6, STM32WBA55CEU6TR, STM32WBA55CEU7, STM32WBA55CEU7TR, STM32WBA55CGU6, STM32WBA55CGU6TR, STM32WBA55CGU6U, STM32WBA55CGU7, STM32WBA55CGU7TR, STM32WBA55G-DK1, STM32WBA55HEF6, STM32WBA55HEF7, STM32WBA55HGF6, STM32WBA55HGF7, STM32WBA55UEI6, STM32WBA55UEI6TR, STM32WBA55UEI7, STM32WBA55UEI7TR, STM32WBA55UGI6, STM32WBA55UGI6TR, STM32WBA55UGI7, STM32WBA55UGI7TR, STM32WL5MOCH6, STM32WL5MOCH6TR]
2024-01-07 15:26:14,966 [ERROR] LogOutputStream:75 - [STDERR_REDIRECT] SLF4J: Failed to load class "org.slf4j.impl.StaticLoggerBinder".
2024-01-07 15:26:14,971 [ERROR] LogOutputStream:75 - [STDERR_REDIRECT] SLF4J: Defaulting to no-operation (NOP) logger implementation
2024-01-07 15:26:14,973 [ERROR] LogOutputStream:75 - [STDERR_REDIRECT] SLF4J: See http://www.slf4j.org/codes.html#StaticLoggerBinder for further details.
2024-01-07 15:26:15,113 [INFO] BoardInfo:889 - No configuration file found for board P-NUCLEO-WB55
2024-01-07 15:26:15,114 [INFO] DbBoards:161 - Kit is not supported: P-NUCLEO-WB55
2024-01-07 15:26:15,125 [INFO] BoardInfo:889 - No configuration file found for board STEVAL-BFA001V1B
2024-01-07 15:26:15,126 [INFO] DbBoards:161 - Kit is not supported: STEVAL-BFA001V1B
2024-01-07 15:26:15,128 [INFO] BoardInfo:889 - No configuration file found for board STEVAL-BFA001V2B
2024-01-07 15:26:15,128 [INFO] DbBoards:161 - Kit is not supported: STEVAL-BFA001V2B
2024-01-07 15:26:15,385 [INFO] DbBoards:168 - Found 193 boards, 190 are supported
2024-01-07 15:26:15,386 [INFO] DbBoards:169 - Found 193 boards, 3 of them is supported for  Bsp
2024-01-07 15:26:15,392 [INFO] ApiDb:668 - CubeFinder database Data Model version=2.1
2024-01-07 15:26:15,392 [INFO] ApiDb:669 - CubeFinder database Configuration version=3.0.39
2024-01-07 15:26:15,393 [INFO] ApiDb:670 - CubeFinder database generation date=2023-12-08 (1702028721)
2024-01-07 15:26:15,393 [INFO] ApiDb:671 - CubeFinder database FW Pack versions=[FP-ATR-ASTRA1_V2.0.0, FP-SNS-FLIGHT1_V5.0.1, FP-SNS-FLIGHT1_V5.0.2, FP-SNS-MOTENV1_V4.3.1, FP-SNS-MOTENV1_V4.3.2, FP-SNS-MOTENVWB1_V1.3.1, FP-SNS-SMARTAG2_V1.2.0, STM32Cube_FW_C0_V1.1.0, STM32Cube_FW_F4_V1.28.0, STM32Cube_FW_F7_V1.17.0, STM32Cube_FW_G0_V1.6.1, STM32Cube_FW_G4_V1.5.1, STM32Cube_FW_H5_V0.5.1, STM32Cube_FW_H5_V1.1.1, STM32Cube_FW_H5_V1.2.0RC2, STM32Cube_FW_H7_V1.11.0, STM32Cube_FW_L0_V1.12.2, STM32Cube_FW_L5_V1.5.0, STM32Cube_FW_U5_V1.3.0RC4, STM32Cube_FW_U5_V1.4.0, STM32Cube_FW_WBA_V1.0.0RC1, STM32Cube_FW_WBA_V1.1.0RC1, STM32Cube_FW_WBA_V1.2.0, STM32Cube_FW_WBA_V1.2.0RC2, STM32Cube_FW_WB_V1.15.0RC1, STM32Cube_FW_WB_V1.16.0, STM32Cube_FW_WB_V1.16.0RC2, STM32Cube_FW_WB_V1.18.0, STM32Cube_FW_WL_V1.3.0, X-CUBE-ALGOBUILD_V1.3.0, X-CUBE-ALS_V1.0.1, X-CUBE-AZRTOS-F4_V1.1.0, X-CUBE-AZRTOS-F7_V1.1.0, X-CUBE-AZRTOS-G0_V1.1.0, X-CUBE-AZRTOS-G4_V2.0.0, X-CUBE-AZRTOS-H7_V3.1.0, X-CUBE-AZRTOS-L4_V1.0.0, X-CUBE-AZRTOS-L4_V2.0.0, X-CUBE-AZRTOS-L5_V1.1.0, X-CUBE-AZRTOS-WB_V2.0.0, X-CUBE-AZRTOS-WL_V2.0.0, X-CUBE-BLE1_V7.0.0, X-CUBE-BLE2_V3.3.0, X-CUBE-BLEMGR_V3.0.0, X-CUBE-EEPRMA1_V4.1.0, X-CUBE-EEPRMA1_V4.2.0, X-CUBE-FREERTOS_V1.1.0, X-CUBE-GNSS1_V6.0.0, X-CUBE-MEMS1_V10.0.0, X-CUBE-MEMS1_V9.1.0, X-CUBE-MEMS1_V9.4.0, X-CUBE-MEMS1_V9.6.0, X-CUBE-NFC4_V3.0.0, X-CUBE-NFC7_V1.0.1, X-CUBE-SFXS2LP1_V4.0.0, X-CUBE-SUBG2_V5.0.0, X-CUBE-TOF1_V3.4.0]
2024-01-07 15:26:19,191 [INFO] ApiDb:240 - Found 371 in-development CPN: [B-G473E-ZEST1S, B-WB1M-WPAN1, B-WL5M-SUBG1, NUCLEO-C031C6, NUCLEO-H503RB, NUCLEO-H563ZI, NUCLEO-U545RE-Q, NUCLEO-U5A5ZJ-Q, NUCLEO-WBA52CG, NUCLEO-WBA55CG, STEVAL-MKBOXPRO, STEVAL-PROTEUS1, STEVAL-STWINBX1, STM320518-EVAL, STM32C0116-DK, STM32C011D6Y3TR, STM32C011D6Y6TR, STM32C011F4P3, STM32C011F4P6, STM32C011F4U3, STM32C011F4U6TR, STM32C011F6P3, STM32C011F6P6, STM32C011F6U3, STM32C011F6U6TR, STM32C011J4M3, STM32C011J4M6, STM32C011J6M3, STM32C011J6M6, STM32C0316-DK, STM32C031C4T3, STM32C031C4T6, STM32C031C4U3, STM32C031C4U6, STM32C031C6T3, STM32C031C6T6, STM32C031C6U3, STM32C031C6U6, STM32C031F4P3, STM32C031F4P6, STM32C031F6P3, STM32C031F6P6, STM32C031G4U3, STM32C031G4U6, STM32C031G6U3, STM32C031G6U6, STM32C031K4T3, STM32C031K4T6, STM32C031K4U3, STM32C031K4U6, STM32C031K6T3, STM32C031K6T6, STM32C031K6U3, STM32C031K6U6, STM32G071K8TXN, STM32G071K8UXN, STM32G081GBU6N, STM32G081KBT6N, STM32G081KBUXN, STM32G0B1CCT6N, STM32G0B1KCT6, STM32G0B1NEY6TR, STM32G0B1RCT6N, STM32G0C1CCT6, STM32G0C1CCT6N, STM32G0C1CCU6N, STM32G0C1CET6N, STM32G0C1CEU6N, STM32G0C1KCT6, STM32G0C1NEY6TR, STM32G0C1RCI6N, STM32G0C1RCT6N, STM32G0C1REI6N, STM32G0C1RET6N, STM32G0C1VCI6, STM32G0C1VEI6, STM32G471CCT6, STM32G471CCU6, STM32G471CET3, STM32G471CET6, STM32G471CEU3, STM32G471CEU6, STM32G471MCT6, STM32G471MET3, STM32G471MET6, STM32G471MEY6TR, STM32G471QCT6, STM32G471QET3, STM32G471RCT6, STM32G471RET3, STM32G471RET6, STM32G471VCH6, STM32G471VCI6, STM32G471VCT6, STM32G471VEH3, STM32G471VEH6, STM32G471VEI3, STM32G471VEI6, STM32G471VET3, STM32G471VET6, STM32G474CCT6, STM32H503CBT6, STM32H503CBU6, STM32H503EBY6TR, STM32H503KBU6, STM32H503RBT6, STM32H562AGI6, STM32H562AII6, STM32H562IGK6, STM32H562IGT6, STM32H562IIK6, STM32H562IIT6, STM32H562RGT6, STM32H562RGV6, STM32H562RIT6, STM32H562RIV6, STM32H562VGT6, STM32H562VIT6, STM32H562ZGT6, STM32H562ZIT6, STM32H563AGI6, STM32H563AII3Q, STM32H563AII6, STM32H563IGK6, STM32H563IGT6, STM32H563IIK3Q, STM32H563IIK6, STM32H563IIT3Q, STM32H563IIT6, STM32H563MIY3QTR, STM32H563RGT6, STM32H563RGV6, STM32H563RIT6, STM32H563RIV6, STM32H563VGT6, STM32H563VIT3Q, STM32H563VIT6, STM32H563ZGT6, STM32H563ZIT3Q, STM32H563ZIT6, STM32H573AII3Q, STM32H573AII6, STM32H573I-DK, STM32H573IIK3Q, STM32H573IIK6, STM32H573IIT3Q, STM32H573IIT6, STM32H573MIY3QTR, STM32H573RIT6, STM32H573RIV6, STM32H573VIT3Q, STM32H573VIT6, STM32H573ZIT3Q, STM32H573ZIT6, STM32L4R5QGI6STR, STM32MP131AAE3, STM32MP131AAF3, STM32MP131AAG3, STM32MP131CAE3, STM32MP131CAF3, STM32MP131CAG3, STM32MP131DAE7, STM32MP131DAF7, STM32MP131DAG7, STM32MP131FAE7, STM32MP131FAF7, STM32MP131FAG7, STM32MP133AAE3, STM32MP133AAF3, STM32MP133AAG3, STM32MP133CAE3, STM32MP133CAF3, STM32MP133CAG3, STM32MP133DAE7, STM32MP133DAF7, STM32MP133DAG7, STM32MP133FAE7, STM32MP133FAF7, STM32MP133FAG7, STM32MP135AAE3, STM32MP135AAF3, STM32MP135AAG3, STM32MP135CAE3, STM32MP135CAF3, STM32MP135CAG3, STM32MP135DAE7, STM32MP135DAF7, STM32MP135DAG7, STM32MP135F-DK, STM32MP135FAE7, STM32MP135FAF7, STM32MP135FAF7T, STM32MP135FAF7U, STM32MP135FAG7, STM32U535CBT6, STM32U535CBT6Q, STM32U535CBU6, STM32U535CBU6Q, STM32U535CCT6, STM32U535CCT6Q, STM32U535CCU6, STM32U535CCU6Q, STM32U535CET6, STM32U535CET6Q, STM32U535CEU6, STM32U535CEU6Q, STM32U535JEY6QTR, STM32U535NCY6QTR, STM32U535NEY6QTR, STM32U535RBI6, STM32U535RBI6Q, STM32U535RBT6, STM32U535RBT6Q, STM32U535RCI6, STM32U535RCI6Q, STM32U535RCT6, STM32U535RCT6Q, STM32U535REI6, STM32U535REI6Q, STM32U535RET6, STM32U535RET6Q, STM32U535VCI6, STM32U535VCI6Q, STM32U535VCT6, STM32U535VCT6Q, STM32U535VEI6, STM32U535VEI6Q, STM32U535VET6, STM32U535VET6Q, STM32U545CET6, STM32U545CET6Q, STM32U545CEU6, STM32U545CEU6Q, STM32U545JEY6QTR, STM32U545NEY6QTR, STM32U545REI6, STM32U545REI6Q, STM32U545RET6, STM32U545RET6Q, STM32U545VEI6, STM32U545VEI6Q, STM32U545VET6, STM32U545VET6Q, STM32U595AIH6, STM32U595AIH6Q, STM32U595AJH6, STM32U595AJH6Q, STM32U595QII6, STM32U595QII6Q, STM32U595QJI6, STM32U595QJI6Q, STM32U595RIT6, STM32U595RIT6Q, STM32U595RJT6, STM32U595RJT6Q, STM32U595VIT6, STM32U595VIT6Q, STM32U595VJT6, STM32U595VJT6Q, STM32U595ZIT6, STM32U595ZIT6Q, STM32U595ZIY6QTR, STM32U595ZJT6, STM32U595ZJT6Q, STM32U595ZJY6QTR, STM32U599BJY6QTR, STM32U599NIH6Q, STM32U599NJH6Q, STM32U599VIT6Q, STM32U599VJT6, STM32U599VJT6Q, STM32U599ZIT6Q, STM32U599ZIY6QTR, STM32U599ZJT6Q, STM32U599ZJY6QTR, STM32U5A5AJH6, STM32U5A5AJH6Q, STM32U5A5QJI6, STM32U5A5QJI6Q, STM32U5A5RJT6, STM32U5A5RJT6Q, STM32U5A5VJT6, STM32U5A5VJT6Q, STM32U5A5ZJT6, STM32U5A5ZJT6Q, STM32U5A5ZJY6QTR, STM32U5A9BJY6QTR, STM32U5A9J-DK, STM32U5A9NJH6Q, STM32U5A9VJT6Q, STM32U5A9ZJT6Q, STM32U5A9ZJY6QTR, STM32U5F7VIT6, STM32U5F7VIT6Q, STM32U5F7VJT6, STM32U5F7VJT6Q, STM32U5F9BJY6QTR, STM32U5F9NJH6Q, STM32U5F9VIT6Q, STM32U5F9VJT6Q, STM32U5F9ZIJ6QTR, STM32U5F9ZIT6Q, STM32U5F9ZJJ6QTR, STM32U5F9ZJT6Q, STM32U5G7VJT6, STM32U5G7VJT6Q, STM32U5G9BJY6QTR, STM32U5G9J-DK1, STM32U5G9J-DK2, STM32U5G9NJH6Q, STM32U5G9VJT6Q, STM32U5G9ZJJ6QTR, STM32U5G9ZJT6Q, STM32WB1MMCH6, STM32WBA50KEU6, STM32WBA50KEU6TR, STM32WBA50KGU6, STM32WBA50KGU6TR, STM32WBA52CEU6, STM32WBA52CEU6TR, STM32WBA52CEU7, STM32WBA52CEU7TR, STM32WBA52CGU6, STM32WBA52CGU6TR, STM32WBA52CGU6U, STM32WBA52CGU7, STM32WBA52CGU7TR, STM32WBA52KEU6, STM32WBA52KEU6TR, STM32WBA52KGU6, STM32WBA52KGU6TR, STM32WBA54CEU6, STM32WBA54CEU6TR, STM32WBA54CEU7, STM32WBA54CEU7TR, STM32WBA54CGU6, STM32WBA54CGU6TR, STM32WBA54CGU7, STM32WBA54CGU7TR, STM32WBA54KEU6, STM32WBA54KEU6TR, STM32WBA54KEU7, STM32WBA54KEU7TR, STM32WBA54KGU6, STM32WBA54KGU6TR, STM32WBA54KGU7, STM32WBA54KGU7TR, STM32WBA55CEU6, STM32WBA55CEU6TR, STM32WBA55CEU7, STM32WBA55CEU7TR, STM32WBA55CGU6, STM32WBA55CGU6TR, STM32WBA55CGU6U, STM32WBA55CGU7, STM32WBA55CGU7TR, STM32WBA55G-DK1, STM32WBA55HEF6, STM32WBA55HEF7, STM32WBA55HGF6, STM32WBA55HGF7, STM32WBA55UEI6, STM32WBA55UEI6TR, STM32WBA55UEI7, STM32WBA55UEI7TR, STM32WBA55UGI6, STM32WBA55UGI6TR, STM32WBA55UGI7, STM32WBA55UGI7TR, STM32WL5MOCH6, STM32WL5MOCH6TR]
2024-01-07 15:26:19,209 [INFO] DbMcus:218 - Found 3930 MCUs, 3930 are supported
2024-01-07 15:26:19,217 [INFO] ApiDb:423 - Load user favorites file C:\Users\YellowWenJie/.stm32cubeide/favorites.mcus.txt: 0 item(s)
2024-01-07 15:26:19,222 [INFO] ApiDb:427 - User favorites MCUs=[]
2024-01-07 15:26:19,222 [INFO] DbMcus:224 - Set 0 / 0 favorites MCUs
2024-01-07 15:26:19,705 [INFO] ApiDb:414 - User favorites file not found: C:\Users\YellowWenJie/.stm32cubeide/favorites.boards.txt
2024-01-07 15:26:19,705 [INFO] DbBoards:198 - Set 0 / 0 favorites Boards
2024-01-07 15:26:19,706 [INFO] McuFinderGlobals:76 - Set McuFinderConnectedMode to true
2024-01-07 15:26:19,728 [INFO] MultiScanPanel:200 - Auto-refresh data requested => check proxy status ongoing
2024-01-07 15:26:19,733 [INFO] FinderPluginLoader:95 - Searching for filters in installed packs
2024-01-07 15:26:23,324 [INFO] LoadUrlFilesThread:185 - End of LoadServerUrlFiles without Thread
2024-01-07 15:26:23,348 [INFO] DetailPanel:341 - Set advertising image to C:/Users/YellowWenJie/STM32Cube/Repository/\en.prom-stm32wl3-mcu-finder.jpg
2024-01-07 15:27:47,774 [ERROR] LogOutputStream:75 - [STDERR_REDIRECT] Warning: NLS unused message: ChangeExceptionHandler_dialog_title in: org.eclipse.jdt.internal.ui.refactoring.refactoringui
2024-01-07 15:27:50,378 [INFO] MainUpdater:2873 - connection check result : 10
2024-01-07 15:27:50,378 [INFO] MainUpdater:2873 - connection check result : 10
2024-01-07 15:27:50,438 [INFO] MicroXplorer:468 - Change Database Path : 
2024-01-07 15:27:50,439 [INFO] MicroXplorer:498 - Change Database Version : DB.6.0.100
2024-01-07 15:27:50,454 [WARN] ThirdParty:871 - waiting for thirdparty lock release [close project]
2024-01-07 15:27:50,454 [INFO] ThirdParty:873 - entering critical section [close project]
2024-01-07 15:27:50,456 [INFO] ThirdParty:883 - exiting critical section [close project]
2024-01-07 15:27:50,461 [INFO] PinOutPanel:1499 - setPackage(No Configuration,No Configuration)
2024-01-07 15:27:50,478 [INFO] UtilMem:75 - Begin LoadConfig() Used Memory: 722709520 Bytes (1073741824)
2024-01-07 15:27:50,479 [INFO] MicroXplorer:468 - Change Database Path : 
2024-01-07 15:27:50,480 [INFO] MicroXplorer:498 - Change Database Version : DB.6.0.100
2024-01-07 15:27:50,480 [INFO] OpenFileManager:312 - Change cursor
2024-01-07 15:27:50,789 [INFO] Mcu:2016 - Initializing MCU STM32F407VETx STM32F407VETx STM32F407VET6
2024-01-07 15:27:56,554 [INFO] Context:659 - Trying to add GPIOservice into a context  which must be forbidden
2024-01-07 15:27:57,809 [INFO] ImportTextPane:194 - (OptionalMessage_ERROR) Unable to find key (Mcu.ThirdPartyNb) in loaded IOC file
2024-01-07 15:27:57,810 [INFO] ImportTextPane:194 - (OptionalMessage_ERROR) Unable to find key (Mcu.PinsNb) in loaded IOC file
2024-01-07 15:27:57,811 [INFO] ImportTextPane:194 - (OptionalMessage_ERROR) Unable to find key (Mcu.IPNb) in loaded IOC file
2024-01-07 15:27:57,966 [INFO] RtosManager:555 - Registered RTOS mode: class=CMSIS, group=RTOS, mode=CMSIS_V1, owner=FREERTOS
2024-01-07 15:27:57,967 [INFO] RtosManager:555 - Registered RTOS mode: class=CMSIS, group=RTOS2, mode=CMSIS_V2, owner=FREERTOS
2024-01-07 15:27:57,967 [INFO] RtosManager:555 - Registered RTOS mode: class=RTOS, group=Core, mode=CMSIS_V1, owner=FREERTOS
2024-01-07 15:27:57,967 [INFO] RtosManager:555 - Registered RTOS mode: class=RTOS, group=Core, mode=CMSIS_V2, owner=FREERTOS
2024-01-07 15:27:57,967 [WARN] ModelIntegratedComponent:184 - Missing modes for component STMicroelectronics:FreeRTOS:0.0.1:STMicroelectronics:RTOS:FreeRTOS:Core:::10.2.0:
2024-01-07 15:27:57,996 [WARN] ModelIntegratedComponent:63 - No mode defined for component null
2024-01-07 15:27:57,996 [WARN] ModelIntegratedComponent:63 - No mode defined for component null
2024-01-07 15:27:57,996 [WARN] ModelIntegratedComponent:63 - No mode defined for component null
2024-01-07 15:27:57,996 [WARN] ModelIntegratedComponent:63 - No mode defined for component null
2024-01-07 15:27:57,996 [WARN] ModelIntegratedComponent:63 - No mode defined for component null
2024-01-07 15:27:57,996 [WARN] ModelIntegratedComponent:63 - No mode defined for component null
2024-01-07 15:27:57,997 [WARN] ModelIntegratedComponent:63 - No mode defined for component null
2024-01-07 15:27:57,997 [WARN] ModelIntegratedComponent:63 - No mode defined for component null
2024-01-07 15:27:57,997 [WARN] ModelIntegratedComponent:63 - No mode defined for component null
2024-01-07 15:27:57,997 [WARN] ModelIntegratedComponent:63 - No mode defined for component null
2024-01-07 15:27:57,997 [WARN] ModelIntegratedComponent:63 - No mode defined for component null
2024-01-07 15:27:57,997 [WARN] ModelIntegratedComponent:63 - No mode defined for component null
2024-01-07 15:27:57,997 [WARN] ModelIntegratedComponent:63 - No mode defined for component null
2024-01-07 15:27:57,997 [WARN] ModelIntegratedComponent:63 - No mode defined for component null
2024-01-07 15:27:57,997 [WARN] ModelIntegratedComponent:63 - No mode defined for component null
2024-01-07 15:27:57,997 [WARN] ModelIntegratedComponent:63 - No mode defined for component null
2024-01-07 15:27:57,997 [WARN] ModelIntegratedComponent:63 - No mode defined for component null
2024-01-07 15:27:57,997 [WARN] ModelIntegratedComponent:63 - No mode defined for component null
2024-01-07 15:27:57,997 [WARN] ModelIntegratedComponent:63 - No mode defined for component null
2024-01-07 15:27:57,998 [WARN] ModelIntegratedComponent:63 - No mode defined for component null
2024-01-07 15:27:57,998 [WARN] ModelIntegratedComponent:63 - No mode defined for component null
2024-01-07 15:27:57,998 [WARN] ModelIntegratedComponent:63 - No mode defined for component null
2024-01-07 15:27:57,998 [WARN] ModelIntegratedComponent:63 - No mode defined for component null
2024-01-07 15:27:57,998 [WARN] ModelIntegratedComponent:63 - No mode defined for component null
2024-01-07 15:27:57,998 [WARN] ModelIntegratedComponent:63 - No mode defined for component null
2024-01-07 15:27:57,998 [WARN] ModelIntegratedComponent:63 - No mode defined for component null
2024-01-07 15:27:57,998 [WARN] ModelIntegratedComponent:63 - No mode defined for component null
2024-01-07 15:27:57,998 [WARN] ModelIntegratedComponent:63 - No mode defined for component null
2024-01-07 15:27:57,998 [WARN] ModelIntegratedComponent:63 - No mode defined for component null
2024-01-07 15:27:57,998 [WARN] ModelIntegratedComponent:63 - No mode defined for component null
2024-01-07 15:27:57,998 [WARN] ModelIntegratedComponent:63 - No mode defined for component null
2024-01-07 15:27:57,998 [WARN] ModelIntegratedComponent:63 - No mode defined for component null
2024-01-07 15:27:57,998 [WARN] ModelIntegratedComponent:63 - No mode defined for component null
2024-01-07 15:27:58,306 [INFO] ThirdPartyModel:298 - Start build external matchings
2024-01-07 15:27:58,811 [INFO] ThirdPartyModel:316 - End build external matchings
2024-01-07 15:27:59,713 [INFO] UtilMem:75 - End LoadConfig() Used Memory: 646707464 Bytes (1073741824)
2024-01-07 15:27:59,847 [INFO] MicroXplorer:468 - Change Database Path : 
2024-01-07 15:27:59,847 [INFO] MicroXplorer:498 - Change Database Version : DB.6.0.100
2024-01-07 15:27:59,851 [WARN] ThirdParty:833 - waiting for thirdparty lock release [change project]
2024-01-07 15:27:59,852 [INFO] ThirdParty:835 - entering critical section [change project]
2024-01-07 15:27:59,852 [INFO] ThirdParty:1030 - CMSIS Pack Vendor :STMicroelectronics USBPD 4.1
2024-01-07 15:27:59,852 [INFO] ThirdParty:1030 - CMSIS Pack Vendor :STMicroelectronics X-CUBE-GNSS1 6.0.0
2024-01-07 15:27:59,852 [INFO] ThirdParty:1030 - CMSIS Pack Vendor :STMicroelectronics USB_HOST 2.0.0
2024-01-07 15:27:59,852 [INFO] ThirdParty:1030 - CMSIS Pack Vendor :STMicroelectronics X-CUBE-AZRTOS-F4 1.1.0
2024-01-07 15:27:59,852 [INFO] ThirdParty:1030 - CMSIS Pack Vendor :STMicroelectronics LIBJPEG 8.0.0
2024-01-07 15:27:59,853 [INFO] ThirdParty:1030 - CMSIS Pack Vendor :STMicroelectronics X-CUBE-SMBUS 2.1.0
2024-01-07 15:27:59,853 [INFO] ThirdParty:1030 - CMSIS Pack Vendor :STMicroelectronics USB_DEVICE 3.0.0
2024-01-07 15:27:59,853 [INFO] ThirdParty:1030 - CMSIS Pack Vendor :STMicroelectronics X-CUBE-AZRTOS-WB 2.0.0
2024-01-07 15:27:59,853 [INFO] ThirdParty:1030 - CMSIS Pack Vendor :STMicroelectronics X-CUBE-TOUCHGFX 4.23.0
2024-01-07 15:27:59,853 [INFO] ThirdParty:1030 - CMSIS Pack Vendor :STMicroelectronics X-CUBE-AZRTOS-F7 1.1.0
2024-01-07 15:27:59,853 [INFO] ThirdParty:1030 - CMSIS Pack Vendor :STMicroelectronics X-CUBE-AZRTOS-L5 2.0.0
2024-01-07 15:27:59,853 [INFO] ThirdParty:1030 - CMSIS Pack Vendor :STMicroelectronics USB_DEVICE 2.0.0
2024-01-07 15:27:59,853 [INFO] ThirdParty:1030 - CMSIS Pack Vendor :STMicroelectronics X-CUBE-EEPRMA1 4.2.0
2024-01-07 15:27:59,853 [INFO] ThirdParty:1030 - CMSIS Pack Vendor :STMicroelectronics FP-SNS-MOTENV1 4.3.2
2024-01-07 15:27:59,854 [INFO] ThirdParty:1030 - CMSIS Pack Vendor :STMicroelectronics X-CUBE-ALGOBUILD 1.3.0
2024-01-07 15:27:59,862 [INFO] ThirdParty:1030 - CMSIS Pack Vendor :STMicroelectronics FreeRTOS 0.0.1
2024-01-07 15:27:59,870 [INFO] ThirdParty:1030 - CMSIS Pack Vendor :STMicroelectronics X-CUBE-AZRTOS-G0 1.1.0
2024-01-07 15:27:59,875 [INFO] ThirdParty:1030 - CMSIS Pack Vendor :STMicroelectronics X-CUBE-NFC4 3.0.0
2024-01-07 15:27:59,877 [INFO] ThirdParty:1030 - CMSIS Pack Vendor :STMicroelectronics X-CUBE-SUBG2 5.0.0
2024-01-07 15:27:59,878 [INFO] ThirdParty:1030 - CMSIS Pack Vendor :STMicroelectronics STM32_WPAN 1.0.0
2024-01-07 15:27:59,878 [INFO] ThirdParty:1030 - CMSIS Pack Vendor :STMicroelectronics lwIP 2.0.3
2024-01-07 15:27:59,878 [INFO] ThirdParty:1030 - CMSIS Pack Vendor :STMicroelectronics FP-SNS-FLIGHT1 5.0.2
2024-01-07 15:27:59,878 [INFO] ThirdParty:1030 - CMSIS Pack Vendor :STMicroelectronics USB_HOST 1.0.0
2024-01-07 15:27:59,878 [INFO] ThirdParty:1030 - CMSIS Pack Vendor :STMicroelectronics X-CUBE-AZRTOS-G4 2.0.0
2024-01-07 15:27:59,878 [INFO] ThirdParty:1030 - CMSIS Pack Vendor :STMicroelectronics PDM2PCM 3.1.0
2024-01-07 15:27:59,878 [INFO] ThirdParty:1030 - CMSIS Pack Vendor :Infineon AIROC-Wi-Fi-Bluetooth-STM32 1.5.1
2024-01-07 15:27:59,878 [INFO] ThirdParty:1030 - CMSIS Pack Vendor :STMicroelectronics X-CUBE-BLEMGR 3.0.0
2024-01-07 15:27:59,878 [INFO] ThirdParty:1030 - CMSIS Pack Vendor :STMicroelectronics PDM2PCM 3.3.0
2024-01-07 15:27:59,878 [INFO] ThirdParty:1030 - CMSIS Pack Vendor :STMicroelectronics X-CUBE-DISPLAY 3.0.0
2024-01-07 15:27:59,878 [INFO] ThirdParty:1030 - CMSIS Pack Vendor :STMicroelectronics FP-SNS-MOTENVWB1 1.3.1
2024-01-07 15:27:59,879 [INFO] ThirdParty:1030 - CMSIS Pack Vendor :STMicroelectronics X-CUBE-BLE1 7.0.0
2024-01-07 15:27:59,879 [INFO] ThirdParty:1030 - CMSIS Pack Vendor :STMicroelectronics FP-ATR-SIGFOX1 3.2.0
2024-01-07 15:27:59,879 [INFO] ThirdParty:1030 - CMSIS Pack Vendor :STMicroelectronics X-CUBE-ISPU 2.0.0
2024-01-07 15:27:59,879 [INFO] ThirdParty:1030 - CMSIS Pack Vendor :STMicroelectronics HAL Drivers 0.0.0
2024-01-07 15:27:59,879 [INFO] ThirdParty:1030 - CMSIS Pack Vendor :STMicroelectronics MBEDTLS 2.16.2
2024-01-07 15:27:59,879 [INFO] ThirdParty:1030 - CMSIS Pack Vendor :emotas I-CUBE-CANOPEN 1.3.0
2024-01-07 15:27:59,879 [INFO] ThirdParty:1030 - CMSIS Pack Vendor :STMicroelectronics X-CUBE-MEMS1 10.0.0
2024-01-07 15:27:59,879 [INFO] ThirdParty:1030 - CMSIS Pack Vendor :STMicroelectronics X-CUBE-FREERTOS 1.1.0
2024-01-07 15:27:59,879 [INFO] ThirdParty:1030 - CMSIS Pack Vendor :STMicroelectronics X-CUBE-NFC7 1.0.1
2024-01-07 15:27:59,879 [INFO] ThirdParty:1030 - CMSIS Pack Vendor :STMicroelectronics MBEDTLS 2.14.1
2024-01-07 15:27:59,880 [INFO] ThirdParty:1030 - CMSIS Pack Vendor :STMicroelectronics X-CUBE-NFC6 3.0.0
2024-01-07 15:27:59,880 [INFO] ThirdParty:1030 - CMSIS Pack Vendor :portGmbH I-Cube-SoM-uGOAL 1.1.0
2024-01-07 15:27:59,880 [INFO] ThirdParty:1030 - CMSIS Pack Vendor :STMicroelectronics X-CUBE-ALS 1.0.1
2024-01-07 15:27:59,880 [INFO] ThirdParty:1030 - CMSIS Pack Vendor :STMicroelectronics ThreadX 1.0.0
2024-01-07 15:27:59,880 [INFO] ThirdParty:1030 - CMSIS Pack Vendor :STMicroelectronics FP-SNS-SMARTAG2 1.2.0
2024-01-07 15:27:59,880 [INFO] ThirdParty:1030 - CMSIS Pack Vendor :STMicroelectronics X-CUBE-AZRTOS-WL 2.0.0
2024-01-07 15:27:59,880 [INFO] ThirdParty:1030 - CMSIS Pack Vendor :STMicroelectronics USB_DEVICE 1.0.0
2024-01-07 15:27:59,880 [INFO] ThirdParty:1030 - CMSIS Pack Vendor :STMicroelectronics X-CUBE-AI 8.1.0
2024-01-07 15:27:59,881 [INFO] ThirdParty:1030 - CMSIS Pack Vendor :STMicroelectronics X-CUBE-AZRTOS-L4 2.0.0
2024-01-07 15:27:59,881 [INFO] ThirdParty:1030 - CMSIS Pack Vendor :STMicroelectronics ThreadX 0.0.2
2024-01-07 15:27:59,881 [INFO] ThirdParty:1030 - CMSIS Pack Vendor :STMicroelectronics FP-ATR-ASTRA1 2.0.0
2024-01-07 15:27:59,881 [INFO] ThirdParty:1030 - CMSIS Pack Vendor :STMicroelectronics lwIP 2.1.2
2024-01-07 15:27:59,881 [INFO] ThirdParty:1030 - CMSIS Pack Vendor :STMicroelectronics X-CUBE-SFXS2LP1 4.0.0
2024-01-07 15:27:59,881 [INFO] ThirdParty:1030 - CMSIS Pack Vendor :STMicroelectronics X-CUBE-BLE2 3.3.0
2024-01-07 15:27:59,881 [INFO] ThirdParty:1030 - CMSIS Pack Vendor :STMicroelectronics X-CUBE-TOF1 3.4.0
2024-01-07 15:27:59,881 [INFO] ThirdParty:1030 - CMSIS Pack Vendor :STMicroelectronics X-CUBE-AZRTOS-H7 3.2.0
2024-01-07 15:27:59,881 [INFO] ThirdParty:1030 - CMSIS Pack Vendor :STMicroelectronics PDM2PCM 3.2.0
2024-01-07 15:27:59,882 [INFO] ThirdParty:841 - exiting critical section [change project]
2024-01-07 15:28:01,621 [INFO] PinOutPanel:1499 - setPackage(No Configuration,No Configuration)
2024-01-07 15:28:01,625 [INFO] PinOutPanel:1499 - setPackage(STM32F407VETx,LQFP100)
2024-01-07 15:28:03,364 [INFO] UtilMem:75 - Before build in PCC Used Memory: 898020032 Bytes (1073741824)
2024-01-07 15:28:06,953 [INFO] UtilMem:75 - After build in PCC Used Memory: 681885024 Bytes (1073741824)
2024-01-07 15:28:07,049 [INFO] IPUIPlugin:80 - create IPUIPlugin
2024-01-07 15:28:07,049 [INFO] IPUIPlugin:80 - create IPUIPlugin
2024-01-07 15:28:07,049 [INFO] IPUIPlugin:80 - create IPUIPlugin
2024-01-07 15:28:07,049 [INFO] IPUIPlugin:80 - create IPUIPlugin
2024-01-07 15:28:07,049 [INFO] IPUIPlugin:80 - create IPUIPlugin
2024-01-07 15:28:07,050 [INFO] IPUIPlugin:80 - create IPUIPlugin
2024-01-07 15:28:07,051 [INFO] IPUIPlugin:80 - create IPUIPlugin
2024-01-07 15:28:07,051 [INFO] IPUIPlugin:80 - create IPUIPlugin
2024-01-07 15:28:07,060 [INFO] IPUIPlugin:80 - create IPUIPlugin
2024-01-07 15:28:07,061 [INFO] IPUIPlugin:80 - create IPUIPlugin
2024-01-07 15:28:07,063 [INFO] IPUIPlugin:80 - create IPUIPlugin
2024-01-07 15:28:07,063 [INFO] IPUIPlugin:80 - create IPUIPlugin
2024-01-07 15:28:07,064 [INFO] IPUIPlugin:80 - create IPUIPlugin
2024-01-07 15:28:07,064 [INFO] IPUIPlugin:80 - create IPUIPlugin
2024-01-07 15:28:07,065 [INFO] IPUIPlugin:80 - create IPUIPlugin
2024-01-07 15:28:07,069 [INFO] IPUIPlugin:80 - create IPUIPlugin
2024-01-07 15:28:07,074 [INFO] IPUIPlugin:80 - create IPUIPlugin
2024-01-07 15:28:07,074 [INFO] IPUIPlugin:80 - create IPUIPlugin
2024-01-07 15:28:07,074 [INFO] IPUIPlugin:80 - create IPUIPlugin
2024-01-07 15:28:07,075 [INFO] IPUIPlugin:80 - create IPUIPlugin
2024-01-07 15:28:07,076 [INFO] IPUIPlugin:80 - create IPUIPlugin
2024-01-07 15:28:07,076 [INFO] IPUIPlugin:80 - create IPUIPlugin
2024-01-07 15:28:07,076 [INFO] IPUIPlugin:80 - create IPUIPlugin
2024-01-07 15:28:07,076 [INFO] IPUIPlugin:80 - create IPUIPlugin
2024-01-07 15:28:07,077 [INFO] IPUIPlugin:80 - create IPUIPlugin
2024-01-07 15:28:07,079 [INFO] IPUIPlugin:80 - create IPUIPlugin
2024-01-07 15:28:07,080 [INFO] IPUIPlugin:80 - create IPUIPlugin
2024-01-07 15:28:07,102 [INFO] IPUIPlugin:80 - create IPUIPlugin
2024-01-07 15:28:07,137 [INFO] IPUIPlugin:80 - create IPUIPlugin
2024-01-07 15:28:07,137 [INFO] IPUIPlugin:80 - create IPUIPlugin
2024-01-07 15:28:07,177 [INFO] IPUIPlugin:80 - create IPUIPlugin
2024-01-07 15:28:07,192 [INFO] IPUIPlugin:80 - create IPUIPlugin
2024-01-07 15:28:07,194 [INFO] IPUIPlugin:80 - create IPUIPlugin
2024-01-07 15:28:07,220 [INFO] IPUIPlugin:80 - create IPUIPlugin
2024-01-07 15:28:07,222 [INFO] IPUIPlugin:80 - create IPUIPlugin
2024-01-07 15:28:07,223 [INFO] IPUIPlugin:80 - create IPUIPlugin
2024-01-07 15:28:07,225 [INFO] IPUIPlugin:80 - create IPUIPlugin
2024-01-07 15:28:07,226 [INFO] IPUIPlugin:80 - create IPUIPlugin
2024-01-07 15:28:07,227 [INFO] IPUIPlugin:80 - create IPUIPlugin
2024-01-07 15:28:07,228 [INFO] IPUIPlugin:80 - create IPUIPlugin
2024-01-07 15:28:07,228 [INFO] IPUIPlugin:80 - create IPUIPlugin
2024-01-07 15:28:07,229 [INFO] IPUIPlugin:80 - create IPUIPlugin
2024-01-07 15:28:07,230 [INFO] IPUIPlugin:80 - create IPUIPlugin
2024-01-07 15:28:07,230 [INFO] IPUIPlugin:80 - create IPUIPlugin
2024-01-07 15:28:07,231 [INFO] IPUIPlugin:80 - create IPUIPlugin
2024-01-07 15:28:07,231 [INFO] IPUIPlugin:80 - create IPUIPlugin
2024-01-07 15:28:07,232 [INFO] IPUIPlugin:80 - create IPUIPlugin
2024-01-07 15:28:07,232 [INFO] IPUIPlugin:80 - create IPUIPlugin
2024-01-07 15:28:07,234 [INFO] IPUIPlugin:80 - create IPUIPlugin
2024-01-07 15:28:07,234 [INFO] IPUIPlugin:80 - create IPUIPlugin
2024-01-07 15:28:07,235 [INFO] IPUIPlugin:80 - create IPUIPlugin
2024-01-07 15:28:07,236 [INFO] IPUIPlugin:80 - create IPUIPlugin
2024-01-07 15:28:07,236 [INFO] IPUIPlugin:80 - create IPUIPlugin
2024-01-07 15:28:07,238 [INFO] IPUIPlugin:80 - create IPUIPlugin
2024-01-07 15:28:07,240 [INFO] IPUIPlugin:80 - create IPUIPlugin
2024-01-07 15:28:07,241 [INFO] IPUIPlugin:80 - create IPUIPlugin
2024-01-07 15:28:07,242 [INFO] IPUIPlugin:80 - create IPUIPlugin
2024-01-07 15:28:07,243 [INFO] IPUIPlugin:80 - create IPUIPlugin
2024-01-07 15:28:07,687 [INFO] ApiDbMcu:508 - Load IP Config File for PDM2PCM
2024-01-07 15:28:08,603 [INFO] CADModel:165 - CPN selected for project levelSTM32F407VET6
2024-01-07 15:28:08,604 [INFO] CADModel:114 - Register for checkConnection events
2024-01-07 15:28:08,745 [INFO] OpenFileManager:343 - Restore cursor
2024-01-07 15:28:10,018 [INFO] UtilMem:75 - End SaveConfig() Used Memory: 624227840 Bytes (1073741824)
2024-01-07 15:28:10,324 [INFO] UtilMem:75 - End SaveConfig() Used Memory: 647296512 Bytes (1073741824)
2024-01-07 15:28:11,550 [INFO] BlockDiagram:2759 - set Specific Code input for plugin: RCC
2024-01-07 15:28:11,550 [INFO] BlockDiagram:2759 - set Specific Code input for plugin: NVIC
2024-01-07 15:28:11,554 [INFO] CodeGenerator:807 - code generatio: config db path: C:\ST\STM32CubeIDE_1.14.0\STM32CubeIDE\plugins\com.st.stm32cube.common.mx_6.10.0.202311202037\\db\
2024-01-07 15:28:12,627 [INFO] CodeEngine:255 - oldGeneratedFile, C:\Users\YellowWenJie\STM32Cube\WorkSpace\CubeMX_STM32F407VET6\MXTmpFiles\license.tmp_save
2024-01-07 15:28:14,212 [INFO] CodeEngine:279 - Generated code: C:\Users\YellowWenJie\STM32Cube\WorkSpace\CubeMX_STM32F407VET6\MXTmpFiles\license.tmp
2024-01-07 15:28:14,277 [INFO] CodeEngine:255 - oldGeneratedFile, C:\Users\YellowWenJie\STM32Cube\WorkSpace\CubeMX_STM32F407VET6\Core\Src\stm32f4xx_it.c_save
2024-01-07 15:28:15,049 [INFO] CodeEngine:279 - Generated code: C:\Users\YellowWenJie\STM32Cube\WorkSpace\CubeMX_STM32F407VET6\Core\Src\stm32f4xx_it.c
2024-01-07 15:28:15,095 [INFO] CodeEngine:255 - oldGeneratedFile, C:\Users\YellowWenJie\STM32Cube\WorkSpace\CubeMX_STM32F407VET6\Core\Inc\stm32f4xx_it.h_save
2024-01-07 15:28:15,458 [INFO] CodeEngine:279 - Generated code: C:\Users\YellowWenJie\STM32Cube\WorkSpace\CubeMX_STM32F407VET6\Core\Inc\stm32f4xx_it.h
2024-01-07 15:28:15,670 [INFO] CodeEngine:255 - oldGeneratedFile, C:\Users\YellowWenJie\STM32Cube\WorkSpace\CubeMX_STM32F407VET6\Core\Src\stm32f4xx_hal_msp.c_save
2024-01-07 15:28:16,032 [INFO] CodeEngine:279 - Generated code: C:\Users\YellowWenJie\STM32Cube\WorkSpace\CubeMX_STM32F407VET6\Core\Src\stm32f4xx_hal_msp.c
2024-01-07 15:28:16,052 [INFO] CodeEngine:255 - oldGeneratedFile, C:\Users\YellowWenJie\STM32Cube\WorkSpace\CubeMX_STM32F407VET6\MXTmpFiles\system.tmp_save
2024-01-07 15:28:16,313 [INFO] CodeEngine:279 - Generated code: C:\Users\YellowWenJie\STM32Cube\WorkSpace\CubeMX_STM32F407VET6\MXTmpFiles\system.tmp
2024-01-07 15:28:16,349 [INFO] CodeEngine:311 - oldGeneratedFile, C:\Users\YellowWenJie\STM32Cube\WorkSpace\CubeMX_STM32F407VET6\Core\Inc\stm32f4xx_hal_conf.h_save
2024-01-07 15:28:16,739 [INFO] CodeEngine:335 - Generated code: C:\Users\YellowWenJie\STM32Cube\WorkSpace\CubeMX_STM32F407VET6\Core\Inc\stm32f4xx_hal_conf.h
2024-01-07 15:28:16,981 [INFO] CodeEngine:255 - oldGeneratedFile, C:\Users\YellowWenJie\STM32Cube\WorkSpace\CubeMX_STM32F407VET6\Core\Inc\main.h_save
2024-01-07 15:28:17,376 [INFO] CodeEngine:279 - Generated code: C:\Users\YellowWenJie\STM32Cube\WorkSpace\CubeMX_STM32F407VET6\Core\Inc\main.h
2024-01-07 15:28:17,405 [INFO] CodeEngine:255 - oldGeneratedFile, C:\Users\YellowWenJie\STM32Cube\WorkSpace\CubeMX_STM32F407VET6\Core\Src\main.c_save
2024-01-07 15:28:17,798 [INFO] CodeEngine:279 - Generated code: C:\Users\YellowWenJie\STM32Cube\WorkSpace\CubeMX_STM32F407VET6\Core\Src\main.c
2024-01-07 15:28:19,626 [INFO] ProjectBuilder:3076 - Time for Copy HAL[1] : 396mS.
2024-01-07 15:28:19,643 [INFO] ProjectBuilder:4485 - Project Generator version: 4.2.0-B44
2024-01-07 15:28:20,696 [INFO] ConfigFileManager:1495 - The Die is : DIE413
2024-01-07 15:28:20,761 [INFO] ApiDbMcu:508 - Load IP Config File for FATFS
2024-01-07 15:28:20,865 [INFO] ApiDbMcu:508 - Load IP Config File for FREERTOS
2024-01-07 15:28:20,896 [INFO] ApiDbMcu:508 - Load IP Config File for LIBJPEG
2024-01-07 15:28:21,121 [INFO] ApiDbMcu:508 - Load IP Config File for LWIP
2024-01-07 15:28:21,288 [INFO] ApiDbMcu:508 - Load IP Config File for MBEDTLS
2024-01-07 15:28:21,417 [INFO] ApiDbMcu:508 - Load IP Config File for USB_DEVICE
2024-01-07 15:28:21,475 [INFO] ApiDbMcu:508 - Load IP Config File for USB_HOST
2024-01-07 15:28:24,579 [INFO] LogOutputStream:77 - [STDOUT_REDIRECT] 
2024-01-07 15:28:34,636 [INFO] ProjectBuilder:4747 - Time for Generating toolchain IDE Files: 14992mS.
2024-01-07 15:28:34,638 [INFO] ProjectBuilder:2947 - Time for Copy CMSIS : 1mS.
2024-01-07 15:28:34,644 [INFO] ProjectBuilder:2947 - Time for Copy CMSIS : 0mS.
2024-01-07 15:28:40,251 [INFO] McuFinderGlobals:76 - Set McuFinderConnectedMode to true
2024-01-07 15:28:40,256 [INFO] ApiDb:448 - Save user favorites file C:\Users\YellowWenJie/.stm32cubeide/favorites.mcus.txt: 0 item(s)
2024-01-07 15:28:40,257 [INFO] ApiDb:452 - User favorites MCUs=[]
2024-01-07 15:30:21,621 [INFO] UtilMem:75 - End SaveConfig() Used Memory: 754451976 Bytes (1073741824)
2024-01-07 15:30:25,110 [INFO] UtilMem:75 - End SaveConfig() Used Memory: 794020032 Bytes (1073741824)
2024-01-07 15:30:31,561 [INFO] UtilMem:75 - End SaveConfig() Used Memory: 765708392 Bytes (1073741824)
2024-01-07 15:30:32,176 [INFO] BlockDiagram:2759 - set Specific Code input for plugin: SYS
2024-01-07 15:30:32,176 [INFO] BlockDiagram:2759 - set Specific Code input for plugin: RCC
2024-01-07 15:30:32,176 [INFO] BlockDiagram:2759 - set Specific Code input for plugin: NVIC
2024-01-07 15:30:32,178 [INFO] BlockDiagram:2759 - set Specific Code input for plugin: GPIO
2024-01-07 15:30:32,180 [INFO] CodeGenerator:807 - code generatio: config db path: C:\ST\STM32CubeIDE_1.14.0\STM32CubeIDE\plugins\com.st.stm32cube.common.mx_6.10.0.202311202037\\db\
2024-01-07 15:30:32,807 [INFO] CodeEngine:255 - oldGeneratedFile, C:\Users\YellowWenJie\STM32Cube\WorkSpace\CubeMX_STM32F407VET6\MXTmpFiles\license.tmp_save
2024-01-07 15:30:33,475 [INFO] CodeEngine:279 - Generated code: C:\Users\YellowWenJie\STM32Cube\WorkSpace\CubeMX_STM32F407VET6\MXTmpFiles\license.tmp
2024-01-07 15:30:33,540 [INFO] CodeEngine:255 - oldGeneratedFile, C:\Users\YellowWenJie\STM32Cube\WorkSpace\CubeMX_STM32F407VET6\MXTmpFiles\gpio.tmp_save
2024-01-07 15:30:33,918 [INFO] CodeEngine:279 - Generated code: C:\Users\YellowWenJie\STM32Cube\WorkSpace\CubeMX_STM32F407VET6\MXTmpFiles\gpio.tmp
2024-01-07 15:30:33,957 [INFO] CodeEngine:255 - oldGeneratedFile, C:\Users\YellowWenJie\STM32Cube\WorkSpace\CubeMX_STM32F407VET6\Core\Src\stm32f4xx_it.c_save
2024-01-07 15:30:34,248 [INFO] CodeEngine:279 - Generated code: C:\Users\YellowWenJie\STM32Cube\WorkSpace\CubeMX_STM32F407VET6\Core\Src\stm32f4xx_it.c
2024-01-07 15:30:34,266 [INFO] CodeEngine:255 - oldGeneratedFile, C:\Users\YellowWenJie\STM32Cube\WorkSpace\CubeMX_STM32F407VET6\Core\Inc\stm32f4xx_it.h_save
2024-01-07 15:30:34,429 [INFO] CodeEngine:279 - Generated code: C:\Users\YellowWenJie\STM32Cube\WorkSpace\CubeMX_STM32F407VET6\Core\Inc\stm32f4xx_it.h
2024-01-07 15:30:34,470 [INFO] CodeEngine:255 - oldGeneratedFile, C:\Users\YellowWenJie\STM32Cube\WorkSpace\CubeMX_STM32F407VET6\Core\Src\stm32f4xx_hal_msp.c_save
2024-01-07 15:30:34,705 [INFO] CodeEngine:279 - Generated code: C:\Users\YellowWenJie\STM32Cube\WorkSpace\CubeMX_STM32F407VET6\Core\Src\stm32f4xx_hal_msp.c
2024-01-07 15:30:34,712 [INFO] CodeEngine:255 - oldGeneratedFile, C:\Users\YellowWenJie\STM32Cube\WorkSpace\CubeMX_STM32F407VET6\MXTmpFiles\system.tmp_save
2024-01-07 15:30:34,869 [INFO] CodeEngine:279 - Generated code: C:\Users\YellowWenJie\STM32Cube\WorkSpace\CubeMX_STM32F407VET6\MXTmpFiles\system.tmp
2024-01-07 15:30:34,894 [INFO] CodeEngine:311 - oldGeneratedFile, C:\Users\YellowWenJie\STM32Cube\WorkSpace\CubeMX_STM32F407VET6\Core\Inc\stm32f4xx_hal_conf.h_save
2024-01-07 15:30:35,147 [INFO] CodeEngine:335 - Generated code: C:\Users\YellowWenJie\STM32Cube\WorkSpace\CubeMX_STM32F407VET6\Core\Inc\stm32f4xx_hal_conf.h
2024-01-07 15:30:35,249 [INFO] CodeEngine:255 - oldGeneratedFile, C:\Users\YellowWenJie\STM32Cube\WorkSpace\CubeMX_STM32F407VET6\Core\Inc\main.h_save
2024-01-07 15:30:35,510 [INFO] CodeEngine:279 - Generated code: C:\Users\YellowWenJie\STM32Cube\WorkSpace\CubeMX_STM32F407VET6\Core\Inc\main.h
2024-01-07 15:30:35,529 [INFO] CodeEngine:255 - oldGeneratedFile, C:\Users\YellowWenJie\STM32Cube\WorkSpace\CubeMX_STM32F407VET6\Core\Src\main.c_save
2024-01-07 15:30:35,808 [INFO] CodeEngine:279 - Generated code: C:\Users\YellowWenJie\STM32Cube\WorkSpace\CubeMX_STM32F407VET6\Core\Src\main.c
2024-01-07 15:30:36,706 [INFO] ProjectBuilder:3076 - Time for Copy HAL[1] : 202mS.
2024-01-07 15:30:36,711 [INFO] ProjectBuilder:4485 - Project Generator version: 4.2.0-B44
2024-01-07 15:30:37,201 [INFO] ConfigFileManager:1495 - The Die is : DIE413
2024-01-07 15:30:41,938 [INFO] ProjectBuilder:4747 - Time for Generating toolchain IDE Files: 5227mS.
2024-01-07 15:30:41,939 [INFO] ProjectBuilder:2947 - Time for Copy CMSIS : 1mS.
2024-01-07 15:30:41,942 [INFO] ProjectBuilder:2947 - Time for Copy CMSIS : 0mS.
2024-01-07 15:30:42,869 [INFO] MainUpdater:2873 - connection check result : 10
2024-01-07 15:30:42,869 [INFO] MainUpdater:2873 - connection check result : 10
2024-01-07 15:30:43,323 [INFO] MicroXplorer:468 - Change Database Path : 
2024-01-07 15:30:43,324 [INFO] MicroXplorer:498 - Change Database Version : DB.6.0.100
2024-01-07 15:30:43,376 [ERROR] ProjectManagerView:394 - 
java.lang.NullPointerException: Cannot invoke "javax.swing.JTextField.getText()" because the return value of "java.util.List.get(int)" is null
	at com.st.microxplorer.plugins.projectmanager.gui.ProjectChoiceTab$10.caretUpdate(ProjectChoiceTab.java:2493) ~[filemanager.jar:?]
	at javax.swing.text.JTextComponent.fireCaretUpdate(JTextComponent.java:412) ~[?:?]
	at javax.swing.text.JTextComponent$MutableCaretEvent.fire(JTextComponent.java:4491) ~[?:?]
	at javax.swing.text.JTextComponent$MutableCaretEvent.stateChanged(JTextComponent.java:4513) ~[?:?]
	at javax.swing.text.DefaultCaret.fireStateChanged(DefaultCaret.java:842) ~[?:?]
	at javax.swing.text.DefaultCaret.changeCaretPosition(DefaultCaret.java:1313) ~[?:?]
	at javax.swing.text.DefaultCaret.handleSetDot(DefaultCaret.java:1212) ~[?:?]
	at javax.swing.text.DefaultCaret.setDot(DefaultCaret.java:1193) ~[?:?]
	at javax.swing.text.DefaultCaret$Handler.insertUpdate(DefaultCaret.java:1789) ~[?:?]
	at javax.swing.text.AbstractDocument.fireInsertUpdate(AbstractDocument.java:226) ~[?:?]
	at javax.swing.text.AbstractDocument.handleInsertString(AbstractDocument.java:780) ~[?:?]
	at javax.swing.text.AbstractDocument.insertString(AbstractDocument.java:739) ~[?:?]
	at javax.swing.text.PlainDocument.insertString(PlainDocument.java:131) ~[?:?]
	at javax.swing.text.AbstractDocument.replace(AbstractDocument.java:698) ~[?:?]
	at javax.swing.text.JTextComponent.setText(JTextComponent.java:1729) ~[?:?]
	at com.st.microxplorer.plugins.projectmanager.gui.ProjectChoiceTab.createHeapStackFields(ProjectChoiceTab.java:933) ~[filemanager.jar:?]
	at com.st.microxplorer.plugins.projectmanager.gui.ProjectChoiceTab.buildLinkSettingsPanel(ProjectChoiceTab.java:3426) ~[filemanager.jar:?]
	at com.st.microxplorer.plugins.projectmanager.gui.ProjectChoiceTab.defineWindowsFields(ProjectChoiceTab.java:1813) ~[filemanager.jar:?]
	at com.st.microxplorer.plugins.projectmanager.gui.ProjectChoiceTab.updateSettings(ProjectChoiceTab.java:533) ~[filemanager.jar:?]
	at com.st.microxplorer.plugins.projectmanager.gui.ProjectSettingsPanel.UpdateDialog(ProjectSettingsPanel.java:244) ~[filemanager.jar:?]
	at com.st.microxplorer.plugins.projectmanager.ProjectManagerView.propertyChange(ProjectManagerView.java:391) ~[filemanager.jar:?]
	at java.beans.PropertyChangeSupport.fire(PropertyChangeSupport.java:343) ~[?:?]
	at java.beans.PropertyChangeSupport.firePropertyChange(PropertyChangeSupport.java:335) ~[?:?]
	at java.beans.PropertyChangeSupport.firePropertyChange(PropertyChangeSupport.java:268) ~[?:?]
	at com.st.microxplorer.util.MXPropertyChangeSupport.firePropertyChange(MXPropertyChangeSupport.java:54) ~[STM32CubeMX.jar:?]
	at com.st.microxplorer.mxsystem.MxSystem.closeConfig(MxSystem.java:900) ~[STM32CubeMX.jar:?]
	at com.st.microxplorer.maingui.MainPanel.closeConfig(MainPanel.java:776) ~[STM32CubeMX.jar:?]
	at com.st.microxplorer.plugins.filemanager.engine.OpenFileManager.loadConfigurationFile(OpenFileManager.java:245) ~[filemanager.jar:?]
	at com.st.microxplorer.plugins.filemanager.engine.MainFileManager.userLoadConfig(MainFileManager.java:290) ~[filemanager.jar:?]
	at com.st.microxplorer.plugins.filemanager.FileManagerView.getSpecificTask(FileManagerView.java:247) ~[filemanager.jar:?]
	at com.st.stm32cube.common.mx.editor.CubeMxEditor.getMxTabbedPaneInstance(CubeMxEditor.java:1184) ~[com.st.stm32cube.common.mx_6.10.0.202311202037/:?]
	at com.st.stm32cube.common.mx.editor.CubeMxEditor$12$1.createSwingComponent(CubeMxEditor.java:1065) ~[com.st.stm32cube.common.mx_6.10.0.202311202037/:?]
	at com.st.stm32cube.common.mx.oss.core.awtswtbridge.EmbeddedSwingComposite.doComponentCreation(EmbeddedSwingComposite.java:492) ~[com.st.stm32cube.common.mx.oss_6.10.0.202311202037/:?]
	at com.st.stm32cube.common.mx.oss.core.awtswtbridge.EmbeddedSwingComposite$4.run(EmbeddedSwingComposite.java:291) ~[com.st.stm32cube.common.mx.oss_6.10.0.202311202037/:?]
	at com.st.stm32cube.common.mx.oss.core.awtswtbridge.AwtEnvironment$2.run(AwtEnvironment.java:166) ~[com.st.stm32cube.common.mx.oss_6.10.0.202311202037/:?]
	at java.awt.event.InvocationEvent.dispatch(InvocationEvent.java:318) ~[?:?]
	at java.awt.EventQueue.dispatchEventImpl(EventQueue.java:773) ~[?:?]
	at java.awt.EventQueue$4.run(EventQueue.java:720) ~[?:?]
	at java.awt.EventQueue$4.run(EventQueue.java:714) ~[?:?]
	at java.security.AccessController.doPrivileged(AccessController.java:399) ~[?:?]
	at java.security.ProtectionDomain$JavaSecurityAccessImpl.doIntersectionPrivilege(ProtectionDomain.java:86) ~[?:?]
	at java.awt.EventQueue.dispatchEvent(EventQueue.java:742) ~[?:?]
	at java.awt.EventDispatchThread.pumpOneEventForFilters(EventDispatchThread.java:203) ~[?:?]
	at java.awt.EventDispatchThread.pumpEventsForFilter(EventDispatchThread.java:124) ~[?:?]
	at java.awt.EventDispatchThread.pumpEventsForHierarchy(EventDispatchThread.java:113) ~[?:?]
	at java.awt.EventDispatchThread.pumpEvents(EventDispatchThread.java:109) ~[?:?]
	at java.awt.EventDispatchThread.pumpEvents(EventDispatchThread.java:101) ~[?:?]
	at java.awt.EventDispatchThread.run(EventDispatchThread.java:90) ~[?:?]
2024-01-07 15:30:43,390 [WARN] ThirdParty:871 - waiting for thirdparty lock release [close project]
2024-01-07 15:30:43,391 [INFO] ThirdParty:873 - entering critical section [close project]
2024-01-07 15:30:43,391 [INFO] ThirdParty:883 - exiting critical section [close project]
2024-01-07 15:30:43,394 [INFO] PinOutPanel:1499 - setPackage(No Configuration,No Configuration)
2024-01-07 15:30:43,407 [WARN] IpParametersView:151 - Warning: This peripheral hasn't parameters
2024-01-07 15:30:43,434 [WARN] MainPanel:272 - <html><b><center>Warning: This peripheral has no parameters to be configured<br></b></html>
2024-01-07 15:30:43,467 [INFO] UtilMem:75 - Begin LoadConfig() Used Memory: 311037840 Bytes (905969664)
2024-01-07 15:30:43,468 [INFO] MicroXplorer:468 - Change Database Path : 
2024-01-07 15:30:43,469 [INFO] MicroXplorer:498 - Change Database Version : DB.6.0.100
2024-01-07 15:30:43,469 [INFO] OpenFileManager:312 - Change cursor
2024-01-07 15:30:43,525 [INFO] RulesReader:64 - Compatibility file has been processed (297 Rules)
2024-01-07 15:30:43,708 [INFO] Mcu:2016 - Initializing MCU STM32F103C(8-B)Tx STM32F103C8Tx STM32F103C8T6
2024-01-07 15:30:45,165 [INFO] Context:659 - Trying to add GPIOservice into a context  which must be forbidden
2024-01-07 15:30:45,477 [INFO] RtosManager:555 - Registered RTOS mode: class=CMSIS, group=RTOS, mode=CMSIS_V1, owner=FREERTOS
2024-01-07 15:30:45,478 [INFO] RtosManager:555 - Registered RTOS mode: class=CMSIS, group=RTOS2, mode=CMSIS_V2, owner=FREERTOS
2024-01-07 15:30:45,478 [INFO] RtosManager:555 - Registered RTOS mode: class=RTOS, group=Core, mode=CMSIS_V1, owner=FREERTOS
2024-01-07 15:30:45,478 [INFO] RtosManager:555 - Registered RTOS mode: class=RTOS, group=Core, mode=CMSIS_V2, owner=FREERTOS
2024-01-07 15:30:45,478 [WARN] ModelIntegratedComponent:184 - Missing modes for component STMicroelectronics:FreeRTOS:0.0.1:STMicroelectronics:RTOS:FreeRTOS:Core:::10.2.0:
2024-01-07 15:30:45,506 [WARN] ModelIntegratedComponent:63 - No mode defined for component null
2024-01-07 15:30:45,507 [WARN] ModelIntegratedComponent:63 - No mode defined for component null
2024-01-07 15:30:45,507 [WARN] ModelIntegratedComponent:63 - No mode defined for component null
2024-01-07 15:30:45,507 [WARN] ModelIntegratedComponent:63 - No mode defined for component null
2024-01-07 15:30:45,507 [WARN] ModelIntegratedComponent:63 - No mode defined for component null
2024-01-07 15:30:45,507 [WARN] ModelIntegratedComponent:63 - No mode defined for component null
2024-01-07 15:30:45,507 [WARN] ModelIntegratedComponent:63 - No mode defined for component null
2024-01-07 15:30:45,507 [WARN] ModelIntegratedComponent:63 - No mode defined for component null
2024-01-07 15:30:45,507 [WARN] ModelIntegratedComponent:63 - No mode defined for component null
2024-01-07 15:30:45,507 [WARN] ModelIntegratedComponent:63 - No mode defined for component null
2024-01-07 15:30:45,507 [WARN] ModelIntegratedComponent:63 - No mode defined for component null
2024-01-07 15:30:45,507 [WARN] ModelIntegratedComponent:63 - No mode defined for component null
2024-01-07 15:30:45,507 [WARN] ModelIntegratedComponent:63 - No mode defined for component null
2024-01-07 15:30:45,507 [WARN] ModelIntegratedComponent:63 - No mode defined for component null
2024-01-07 15:30:45,507 [WARN] ModelIntegratedComponent:63 - No mode defined for component null
2024-01-07 15:30:45,507 [WARN] ModelIntegratedComponent:63 - No mode defined for component null
2024-01-07 15:30:45,508 [WARN] ModelIntegratedComponent:63 - No mode defined for component null
2024-01-07 15:30:45,508 [WARN] ModelIntegratedComponent:63 - No mode defined for component null
2024-01-07 15:30:45,508 [WARN] ModelIntegratedComponent:63 - No mode defined for component null
2024-01-07 15:30:45,508 [WARN] ModelIntegratedComponent:63 - No mode defined for component null
2024-01-07 15:30:45,508 [WARN] ModelIntegratedComponent:63 - No mode defined for component null
2024-01-07 15:30:45,508 [WARN] ModelIntegratedComponent:63 - No mode defined for component null
2024-01-07 15:30:45,508 [WARN] ModelIntegratedComponent:63 - No mode defined for component null
2024-01-07 15:30:45,508 [WARN] ModelIntegratedComponent:63 - No mode defined for component null
2024-01-07 15:30:45,508 [WARN] ModelIntegratedComponent:63 - No mode defined for component null
2024-01-07 15:30:45,508 [WARN] ModelIntegratedComponent:63 - No mode defined for component null
2024-01-07 15:30:45,508 [WARN] ModelIntegratedComponent:63 - No mode defined for component null
2024-01-07 15:30:45,508 [WARN] ModelIntegratedComponent:63 - No mode defined for component null
2024-01-07 15:30:45,508 [WARN] ModelIntegratedComponent:63 - No mode defined for component null
2024-01-07 15:30:45,508 [WARN] ModelIntegratedComponent:63 - No mode defined for component null
2024-01-07 15:30:45,508 [WARN] ModelIntegratedComponent:63 - No mode defined for component null
2024-01-07 15:30:45,508 [WARN] ModelIntegratedComponent:63 - No mode defined for component null
2024-01-07 15:30:45,509 [WARN] ModelIntegratedComponent:63 - No mode defined for component null
2024-01-07 15:30:45,716 [INFO] ThirdPartyModel:298 - Start build external matchings
2024-01-07 15:30:46,269 [INFO] ThirdPartyModel:316 - End build external matchings
2024-01-07 15:30:46,290 [INFO] ImportTextPane:194 - (OptionalMessage_ERROR) IP (RCC) : Parameter (ADCFreqValue) has invalid value (36000000)
2024-01-07 15:30:46,290 [INFO] ImportTextPane:194 - (OptionalMessage_ERROR) IP (RCC) : Invalid parameter (FamilyName)
2024-01-07 15:30:46,291 [INFO] ImportTextPane:194 - (OptionalMessage_ERROR) IP (RCC) : Parameter (MCOFreq_Value) has invalid value (72000000)
2024-01-07 15:30:46,291 [INFO] ImportTextPane:194 - (OptionalMessage_ERROR) IP (RCC) : Parameter (USBFreq_Value) has invalid value (72000000)
2024-01-07 15:30:47,121 [INFO] UtilMem:75 - End LoadConfig() Used Memory: 523534960 Bytes (905969664)
2024-01-07 15:30:47,359 [INFO] MicroXplorer:468 - Change Database Path : 
2024-01-07 15:30:47,359 [INFO] MicroXplorer:498 - Change Database Version : DB.6.0.100
2024-01-07 15:30:47,360 [WARN] ThirdParty:833 - waiting for thirdparty lock release [change project]
2024-01-07 15:30:47,360 [INFO] ThirdParty:835 - entering critical section [change project]
2024-01-07 15:30:47,360 [INFO] ThirdParty:1030 - CMSIS Pack Vendor :STMicroelectronics USBPD 4.1
2024-01-07 15:30:47,360 [INFO] ThirdParty:1030 - CMSIS Pack Vendor :STMicroelectronics X-CUBE-GNSS1 6.0.0
2024-01-07 15:30:47,360 [INFO] ThirdParty:1030 - CMSIS Pack Vendor :STMicroelectronics USB_HOST 2.0.0
2024-01-07 15:30:47,360 [INFO] ThirdParty:1030 - CMSIS Pack Vendor :STMicroelectronics X-CUBE-AZRTOS-F4 1.1.0
2024-01-07 15:30:47,360 [INFO] ThirdParty:1030 - CMSIS Pack Vendor :STMicroelectronics LIBJPEG 8.0.0
2024-01-07 15:30:47,361 [INFO] ThirdParty:1030 - CMSIS Pack Vendor :STMicroelectronics X-CUBE-SMBUS 2.1.0
2024-01-07 15:30:47,361 [INFO] ThirdParty:1030 - CMSIS Pack Vendor :STMicroelectronics USB_DEVICE 3.0.0
2024-01-07 15:30:47,361 [INFO] ThirdParty:1030 - CMSIS Pack Vendor :STMicroelectronics X-CUBE-AZRTOS-WB 2.0.0
2024-01-07 15:30:47,361 [INFO] ThirdParty:1030 - CMSIS Pack Vendor :STMicroelectronics X-CUBE-TOUCHGFX 4.23.0
2024-01-07 15:30:47,361 [INFO] ThirdParty:1030 - CMSIS Pack Vendor :STMicroelectronics X-CUBE-AZRTOS-F7 1.1.0
2024-01-07 15:30:47,361 [INFO] ThirdParty:1030 - CMSIS Pack Vendor :STMicroelectronics X-CUBE-AZRTOS-L5 2.0.0
2024-01-07 15:30:47,361 [INFO] ThirdParty:1030 - CMSIS Pack Vendor :STMicroelectronics USB_DEVICE 2.0.0
2024-01-07 15:30:47,361 [INFO] ThirdParty:1030 - CMSIS Pack Vendor :STMicroelectronics X-CUBE-EEPRMA1 4.2.0
2024-01-07 15:30:47,361 [INFO] ThirdParty:1030 - CMSIS Pack Vendor :STMicroelectronics FP-SNS-MOTENV1 4.3.2
2024-01-07 15:30:47,361 [INFO] ThirdParty:1030 - CMSIS Pack Vendor :STMicroelectronics X-CUBE-ALGOBUILD 1.3.0
2024-01-07 15:30:47,361 [INFO] ThirdParty:1030 - CMSIS Pack Vendor :STMicroelectronics FreeRTOS 0.0.1
2024-01-07 15:30:47,361 [INFO] ThirdParty:1030 - CMSIS Pack Vendor :STMicroelectronics X-CUBE-AZRTOS-G0 1.1.0
2024-01-07 15:30:47,361 [INFO] ThirdParty:1030 - CMSIS Pack Vendor :STMicroelectronics X-CUBE-NFC4 3.0.0
2024-01-07 15:30:47,361 [INFO] ThirdParty:1030 - CMSIS Pack Vendor :STMicroelectronics X-CUBE-SUBG2 5.0.0
2024-01-07 15:30:47,361 [INFO] ThirdParty:1030 - CMSIS Pack Vendor :STMicroelectronics STM32_WPAN 1.0.0
2024-01-07 15:30:47,361 [INFO] ThirdParty:1030 - CMSIS Pack Vendor :STMicroelectronics lwIP 2.0.3
2024-01-07 15:30:47,361 [INFO] ThirdParty:1030 - CMSIS Pack Vendor :STMicroelectronics FP-SNS-FLIGHT1 5.0.2
2024-01-07 15:30:47,361 [INFO] ThirdParty:1030 - CMSIS Pack Vendor :STMicroelectronics USB_HOST 1.0.0
2024-01-07 15:30:47,362 [INFO] ThirdParty:1030 - CMSIS Pack Vendor :STMicroelectronics X-CUBE-AZRTOS-G4 2.0.0
2024-01-07 15:30:47,362 [INFO] ThirdParty:1030 - CMSIS Pack Vendor :STMicroelectronics PDM2PCM 3.1.0
2024-01-07 15:30:47,362 [INFO] ThirdParty:1030 - CMSIS Pack Vendor :Infineon AIROC-Wi-Fi-Bluetooth-STM32 1.5.1
2024-01-07 15:30:47,362 [INFO] ThirdParty:1030 - CMSIS Pack Vendor :STMicroelectronics X-CUBE-BLEMGR 3.0.0
2024-01-07 15:30:47,362 [INFO] ThirdParty:1030 - CMSIS Pack Vendor :STMicroelectronics PDM2PCM 3.3.0
2024-01-07 15:30:47,362 [INFO] ThirdParty:1030 - CMSIS Pack Vendor :STMicroelectronics X-CUBE-DISPLAY 3.0.0
2024-01-07 15:30:47,362 [INFO] ThirdParty:1030 - CMSIS Pack Vendor :STMicroelectronics FP-SNS-MOTENVWB1 1.3.1
2024-01-07 15:30:47,362 [INFO] ThirdParty:1030 - CMSIS Pack Vendor :STMicroelectronics X-CUBE-BLE1 7.0.0
2024-01-07 15:30:47,362 [INFO] ThirdParty:1030 - CMSIS Pack Vendor :STMicroelectronics FP-ATR-SIGFOX1 3.2.0
2024-01-07 15:30:47,362 [INFO] ThirdParty:1030 - CMSIS Pack Vendor :STMicroelectronics X-CUBE-ISPU 2.0.0
2024-01-07 15:30:47,362 [INFO] ThirdParty:1030 - CMSIS Pack Vendor :STMicroelectronics HAL Drivers 0.0.0
2024-01-07 15:30:47,362 [INFO] ThirdParty:1030 - CMSIS Pack Vendor :STMicroelectronics MBEDTLS 2.16.2
2024-01-07 15:30:47,362 [INFO] ThirdParty:1030 - CMSIS Pack Vendor :emotas I-CUBE-CANOPEN 1.3.0
2024-01-07 15:30:47,362 [INFO] ThirdParty:1030 - CMSIS Pack Vendor :STMicroelectronics X-CUBE-MEMS1 10.0.0
2024-01-07 15:30:47,362 [INFO] ThirdParty:1030 - CMSIS Pack Vendor :STMicroelectronics X-CUBE-FREERTOS 1.1.0
2024-01-07 15:30:47,362 [INFO] ThirdParty:1030 - CMSIS Pack Vendor :STMicroelectronics X-CUBE-NFC7 1.0.1
2024-01-07 15:30:47,362 [INFO] ThirdParty:1030 - CMSIS Pack Vendor :STMicroelectronics MBEDTLS 2.14.1
2024-01-07 15:30:47,362 [INFO] ThirdParty:1030 - CMSIS Pack Vendor :STMicroelectronics X-CUBE-NFC6 3.0.0
2024-01-07 15:30:47,362 [INFO] ThirdParty:1030 - CMSIS Pack Vendor :portGmbH I-Cube-SoM-uGOAL 1.1.0
2024-01-07 15:30:47,362 [INFO] ThirdParty:1030 - CMSIS Pack Vendor :STMicroelectronics X-CUBE-ALS 1.0.1
2024-01-07 15:30:47,363 [INFO] ThirdParty:1030 - CMSIS Pack Vendor :STMicroelectronics ThreadX 1.0.0
2024-01-07 15:30:47,363 [INFO] ThirdParty:1030 - CMSIS Pack Vendor :STMicroelectronics FP-SNS-SMARTAG2 1.2.0
2024-01-07 15:30:47,363 [INFO] ThirdParty:1030 - CMSIS Pack Vendor :STMicroelectronics X-CUBE-AZRTOS-WL 2.0.0
2024-01-07 15:30:47,363 [INFO] ThirdParty:1030 - CMSIS Pack Vendor :STMicroelectronics USB_DEVICE 1.0.0
2024-01-07 15:30:47,363 [INFO] ThirdParty:1030 - CMSIS Pack Vendor :STMicroelectronics X-CUBE-AI 8.1.0
2024-01-07 15:30:47,363 [INFO] ThirdParty:1030 - CMSIS Pack Vendor :STMicroelectronics X-CUBE-AZRTOS-L4 2.0.0
2024-01-07 15:30:47,363 [INFO] ThirdParty:1030 - CMSIS Pack Vendor :STMicroelectronics ThreadX 0.0.2
2024-01-07 15:30:47,363 [INFO] ThirdParty:1030 - CMSIS Pack Vendor :STMicroelectronics FP-ATR-ASTRA1 2.0.0
2024-01-07 15:30:47,363 [INFO] ThirdParty:1030 - CMSIS Pack Vendor :STMicroelectronics lwIP 2.1.2
2024-01-07 15:30:47,363 [INFO] ThirdParty:1030 - CMSIS Pack Vendor :STMicroelectronics X-CUBE-SFXS2LP1 4.0.0
2024-01-07 15:30:47,363 [INFO] ThirdParty:1030 - CMSIS Pack Vendor :STMicroelectronics X-CUBE-BLE2 3.3.0
2024-01-07 15:30:47,363 [INFO] ThirdParty:1030 - CMSIS Pack Vendor :STMicroelectronics X-CUBE-TOF1 3.4.0
2024-01-07 15:30:47,363 [INFO] ThirdParty:1030 - CMSIS Pack Vendor :STMicroelectronics X-CUBE-AZRTOS-H7 3.2.0
2024-01-07 15:30:47,363 [INFO] ThirdParty:1030 - CMSIS Pack Vendor :STMicroelectronics PDM2PCM 3.2.0
2024-01-07 15:30:47,363 [INFO] ThirdParty:841 - exiting critical section [change project]
2024-01-07 15:30:47,565 [INFO] PinOutPanel:1499 - setPackage(No Configuration,No Configuration)
2024-01-07 15:30:47,568 [INFO] PinOutPanel:1499 - setPackage(STM32F103C8Tx,LQFP48)
2024-01-07 15:30:48,191 [INFO] UtilMem:75 - Before build in PCC Used Memory: 624630192 Bytes (905969664)
2024-01-07 15:30:48,856 [INFO] UtilMem:75 - After build in PCC Used Memory: 294564960 Bytes (905969664)
2024-01-07 15:30:48,901 [INFO] IPUIPlugin:80 - create IPUIPlugin
2024-01-07 15:30:48,901 [INFO] IPUIPlugin:80 - create IPUIPlugin
2024-01-07 15:30:48,902 [INFO] IPUIPlugin:80 - create IPUIPlugin
2024-01-07 15:30:48,902 [INFO] IPUIPlugin:80 - create IPUIPlugin
2024-01-07 15:30:48,903 [INFO] IPUIPlugin:80 - create IPUIPlugin
2024-01-07 15:30:48,903 [INFO] IPUIPlugin:80 - create IPUIPlugin
2024-01-07 15:30:48,903 [INFO] IPUIPlugin:80 - create IPUIPlugin
2024-01-07 15:30:48,903 [INFO] IPUIPlugin:80 - create IPUIPlugin
2024-01-07 15:30:48,903 [INFO] IPUIPlugin:80 - create IPUIPlugin
2024-01-07 15:30:48,903 [INFO] IPUIPlugin:80 - create IPUIPlugin
2024-01-07 15:30:48,904 [INFO] IPUIPlugin:80 - create IPUIPlugin
2024-01-07 15:30:48,904 [INFO] IPUIPlugin:80 - create IPUIPlugin
2024-01-07 15:30:48,904 [INFO] IPUIPlugin:80 - create IPUIPlugin
2024-01-07 15:30:48,904 [INFO] IPUIPlugin:80 - create IPUIPlugin
2024-01-07 15:30:48,904 [INFO] IPUIPlugin:80 - create IPUIPlugin
2024-01-07 15:30:48,905 [INFO] IPUIPlugin:80 - create IPUIPlugin
2024-01-07 15:30:48,905 [INFO] IPUIPlugin:80 - create IPUIPlugin
2024-01-07 15:30:48,905 [INFO] IPUIPlugin:80 - create IPUIPlugin
2024-01-07 15:30:48,905 [INFO] IPUIPlugin:80 - create IPUIPlugin
2024-01-07 15:30:48,905 [INFO] IPUIPlugin:80 - create IPUIPlugin
2024-01-07 15:30:48,906 [INFO] IPUIPlugin:80 - create IPUIPlugin
2024-01-07 15:30:48,906 [INFO] IPUIPlugin:80 - create IPUIPlugin
2024-01-07 15:30:48,906 [INFO] IPUIPlugin:80 - create IPUIPlugin
2024-01-07 15:30:48,907 [INFO] IPUIPlugin:80 - create IPUIPlugin
2024-01-07 15:30:48,907 [INFO] IPUIPlugin:80 - create IPUIPlugin
2024-01-07 15:30:48,907 [INFO] IPUIPlugin:80 - create IPUIPlugin
2024-01-07 15:30:48,907 [INFO] IPUIPlugin:80 - create IPUIPlugin
2024-01-07 15:30:48,998 [INFO] CADModel:165 - CPN selected for project levelSTM32F103C8T6
2024-01-07 15:30:48,998 [INFO] CADModel:114 - Register for checkConnection events
2024-01-07 15:30:49,062 [INFO] OpenFileManager:343 - Restore cursor
